TN:
SF:/Applications/Xcode.app/Contents/Developer/Platforms/MacOSX.platform/Developer/SDKs/MacOSX10.15.sdk/usr/include/_ctype.h
FN:135,_Z7isasciii
FNDA:431640,_Z7isasciii
FNF:1
FNH:1
DA:135,431640
DA:137,431640
LF:2
LH:2
end_of_record
TN:
SF:/Applications/Xcode.app/Contents/Developer/Toolchains/XcodeDefault.xctoolchain/usr/include/c++/v1/__bit_reference
FN:51,_ZNKSt3__115__bit_referenceINS_6vectorIbNS_9allocatorIbEEEELb1EEcvbEv
FN:75,_ZNSt3__115__bit_referenceINS_6vectorIbNS_9allocatorIbEEEELb1EEC2EPmm
FN:75,_ZNSt3__115__bit_referenceINS_6vectorIbNS_9allocatorIbEEEELb1EEC1EPmm
FN:140,_ZNKSt3__121__bit_const_referenceINS_8__bitsetILm1ELm8EEEEcvbEv
FN:148,_ZNSt3__121__bit_const_referenceINS_8__bitsetILm1ELm8EEEEC1EPKmm
FN:148,_ZNSt3__121__bit_const_referenceINS_8__bitsetILm1ELm8EEEEC2EPKmm
FN:319,_ZNSt3__114__fill_n_falseINS_6vectorIbNS_9allocatorIbEEEEEEvNS_14__bit_iteratorIT_Lb0EXLi0EEEENS6_9size_typeE
FN:349,_ZNSt3__113__fill_n_trueINS_6vectorIbNS_9allocatorIbEEEEEEvNS_14__bit_iteratorIT_Lb0EXLi0EEEENS6_9size_typeE
FN:380,_ZNSt3__1L6fill_nINS_6vectorIbNS_9allocatorIbEEEEEEvNS_14__bit_iteratorIT_Lb0EXLi0EEEENS6_9size_typeEb
FN:405,_ZNSt3__114__copy_alignedINS_6vectorIbNS_9allocatorIbEEEELb0EEENS_14__bit_iteratorIT_Lb0EXLi0EEEENS5_IS6_XT0_EXLi0EEEES8_S7_
FN:405,_ZNSt3__114__copy_alignedINS_6vectorIbNS_9allocatorIbEEEELb1EEENS_14__bit_iteratorIT_Lb0EXLi0EEEENS5_IS6_XT0_EXLi0EEEES8_S7_
FN:454,_ZNSt3__116__copy_unalignedINS_6vectorIbNS_9allocatorIbEEEELb1EEENS_14__bit_iteratorIT_Lb0EXLi0EEEENS5_IS6_XT0_EXLi0EEEES8_S7_
FN:454,_ZNSt3__116__copy_unalignedINS_6vectorIbNS_9allocatorIbEEEELb0EEENS_14__bit_iteratorIT_Lb0EXLi0EEEENS5_IS6_XT0_EXLi0EEEES8_S7_
FN:533,_ZNSt3__1L4copyINS_6vectorIbNS_9allocatorIbEEEELb0EEENS_14__bit_iteratorIT_Lb0EXLi0EEEENS5_IS6_XT0_EXLi0EEEES8_S7_
FN:533,_ZNSt3__1L4copyINS_6vectorIbNS_9allocatorIbEEEELb1EEENS_14__bit_iteratorIT_Lb0EXLi0EEEENS5_IS6_XT0_EXLi0EEEES8_S7_
FN:1106,_ZNSt3__114__bit_iteratorINS_6vectorIbNS_9allocatorIbEEEELb0ELm0EEC1Ev
FN:1106,_ZNSt3__114__bit_iteratorINS_6vectorIbNS_9allocatorIbEEEELb0ELm0EEC2Ev
FN:1113,_ZNSt3__114__bit_iteratorINS_6vectorIbNS_9allocatorIbEEEELb0ELm0EEC2ERKS5_
FN:1113,_ZNSt3__114__bit_iteratorINS_6vectorIbNS_9allocatorIbEEEELb0ELm0EEC1ERKS5_
FN:1192,_ZNSt3__1miERKNS_14__bit_iteratorINS_6vectorIbNS_9allocatorIbEEEELb1ELm0EEES7_
FN:1192,_ZNSt3__1miERKNS_14__bit_iteratorINS_6vectorIbNS_9allocatorIbEEEELb0ELm0EEES7_
FN:1217,_ZNSt3__114__bit_iteratorINS_6vectorIbNS_9allocatorIbEEEELb0ELm0EEC1EPmj
FN:1217,_ZNSt3__114__bit_iteratorINS_6vectorIbNS_9allocatorIbEEEELb0ELm0EEC2EPmj
FN:1217,_ZNSt3__114__bit_iteratorINS_6vectorIbNS_9allocatorIbEEEELb1ELm0EEC1EPKmj
FN:1217,_ZNSt3__114__bit_iteratorINS_6vectorIbNS_9allocatorIbEEEELb1ELm0EEC2EPKmj
FNDA:0,_ZNSt3__114__bit_iteratorINS_6vectorIbNS_9allocatorIbEEEELb0ELm0EEC2EPmj
FNDA:0,_ZNSt3__1miERKNS_14__bit_iteratorINS_6vectorIbNS_9allocatorIbEEEELb0ELm0EEES7_
FNDA:0,_ZNSt3__1L4copyINS_6vectorIbNS_9allocatorIbEEEELb1EEENS_14__bit_iteratorIT_Lb0EXLi0EEEENS5_IS6_XT0_EXLi0EEEES8_S7_
FNDA:0,_ZNKSt3__115__bit_referenceINS_6vectorIbNS_9allocatorIbEEEELb1EEcvbEv
FNDA:0,_ZNSt3__114__bit_iteratorINS_6vectorIbNS_9allocatorIbEEEELb1ELm0EEC1EPKmj
FNDA:0,_ZNSt3__113__fill_n_trueINS_6vectorIbNS_9allocatorIbEEEEEEvNS_14__bit_iteratorIT_Lb0EXLi0EEEENS6_9size_typeE
FNDA:0,_ZNSt3__114__bit_iteratorINS_6vectorIbNS_9allocatorIbEEEELb1ELm0EEC2EPKmj
FNDA:0,_ZNSt3__121__bit_const_referenceINS_8__bitsetILm1ELm8EEEEC2EPKmm
FNDA:0,_ZNSt3__116__copy_unalignedINS_6vectorIbNS_9allocatorIbEEEELb1EEENS_14__bit_iteratorIT_Lb0EXLi0EEEENS5_IS6_XT0_EXLi0EEEES8_S7_
FNDA:0,_ZNSt3__114__copy_alignedINS_6vectorIbNS_9allocatorIbEEEELb1EEENS_14__bit_iteratorIT_Lb0EXLi0EEEENS5_IS6_XT0_EXLi0EEEES8_S7_
FNDA:0,_ZNSt3__116__copy_unalignedINS_6vectorIbNS_9allocatorIbEEEELb0EEENS_14__bit_iteratorIT_Lb0EXLi0EEEENS5_IS6_XT0_EXLi0EEEES8_S7_
FNDA:0,_ZNSt3__121__bit_const_referenceINS_8__bitsetILm1ELm8EEEEC1EPKmm
FNDA:0,_ZNSt3__114__copy_alignedINS_6vectorIbNS_9allocatorIbEEEELb0EEENS_14__bit_iteratorIT_Lb0EXLi0EEEENS5_IS6_XT0_EXLi0EEEES8_S7_
FNDA:0,_ZNKSt3__121__bit_const_referenceINS_8__bitsetILm1ELm8EEEEcvbEv
FNDA:0,_ZNSt3__114__bit_iteratorINS_6vectorIbNS_9allocatorIbEEEELb0ELm0EEC1Ev
FNDA:0,_ZNSt3__115__bit_referenceINS_6vectorIbNS_9allocatorIbEEEELb1EEC2EPmm
FNDA:0,_ZNSt3__114__bit_iteratorINS_6vectorIbNS_9allocatorIbEEEELb0ELm0EEC2ERKS5_
FNDA:0,_ZNSt3__114__bit_iteratorINS_6vectorIbNS_9allocatorIbEEEELb0ELm0EEC2Ev
FNDA:0,_ZNSt3__114__bit_iteratorINS_6vectorIbNS_9allocatorIbEEEELb0ELm0EEC1ERKS5_
FNDA:0,_ZNSt3__115__bit_referenceINS_6vectorIbNS_9allocatorIbEEEELb1EEC1EPmm
FNDA:0,_ZNSt3__1L6fill_nINS_6vectorIbNS_9allocatorIbEEEEEEvNS_14__bit_iteratorIT_Lb0EXLi0EEEENS6_9size_typeEb
FNDA:0,_ZNSt3__1L4copyINS_6vectorIbNS_9allocatorIbEEEELb0EEENS_14__bit_iteratorIT_Lb0EXLi0EEEENS5_IS6_XT0_EXLi0EEEES8_S7_
FNDA:0,_ZNSt3__114__bit_iteratorINS_6vectorIbNS_9allocatorIbEEEELb0ELm0EEC1EPmj
FNDA:0,_ZNSt3__114__fill_n_falseINS_6vectorIbNS_9allocatorIbEEEEEEvNS_14__bit_iteratorIT_Lb0EXLi0EEEENS6_9size_typeE
FNDA:0,_ZNSt3__1miERKNS_14__bit_iteratorINS_6vectorIbNS_9allocatorIbEEEELb1ELm0EEES7_
FNF:25
FNH:0
DA:51,0
DA:52,0
DA:75,0
DA:76,0
DA:140,0
DA:141,0
DA:148,0
DA:149,0
DA:319,0
DA:323,0
DA:325,0
DA:327,0
DA:328,0
DA:329,0
DA:330,0
DA:331,0
DA:332,0
DA:333,0
DA:335,0
DA:336,0
DA:337,0
DA:339,0
DA:341,0
DA:342,0
DA:343,0
DA:344,0
DA:345,0
DA:349,0
DA:353,0
DA:355,0
DA:357,0
DA:358,0
DA:359,0
DA:360,0
DA:361,0
DA:362,0
DA:363,0
DA:365,0
DA:366,0
DA:367,0
DA:369,0
DA:371,0
DA:372,0
DA:373,0
DA:374,0
DA:375,0
DA:380,0
DA:382,0
DA:384,0
DA:385,0
DA:387,0
DA:388,0
DA:389,0
DA:405,0
DA:411,0
DA:412,0
DA:413,0
DA:416,0
DA:418,0
DA:419,0
DA:420,0
DA:421,0
DA:422,0
DA:423,0
DA:424,0
DA:425,0
DA:426,0
DA:427,0
DA:429,0
DA:432,0
DA:433,0
DA:434,0
DA:435,0
DA:436,0
DA:437,0
DA:439,0
DA:441,0
DA:442,0
DA:443,0
DA:444,0
DA:445,0
DA:446,0
DA:447,0
DA:448,0
DA:449,0
DA:454,0
DA:461,0
DA:462,0
DA:465,0
DA:467,0
DA:468,0
DA:469,0
DA:470,0
DA:471,0
DA:472,0
DA:473,0
DA:474,0
DA:475,0
DA:476,0
DA:477,0
DA:479,0
DA:480,0
DA:481,0
DA:482,0
DA:483,0
DA:485,0
DA:486,0
DA:487,0
DA:488,0
DA:489,0
DA:490,0
DA:492,0
DA:495,0
DA:496,0
DA:497,0
DA:499,0
DA:500,0
DA:501,0
DA:502,0
DA:503,0
DA:504,0
DA:505,0
DA:507,0
DA:509,0
DA:510,0
DA:511,0
DA:512,0
DA:513,0
DA:514,0
DA:515,0
DA:516,0
DA:517,0
DA:518,0
DA:520,0
DA:521,0
DA:522,0
DA:523,0
DA:524,0
DA:525,0
DA:526,0
DA:527,0
DA:533,0
DA:535,0
DA:536,0
DA:537,0
DA:538,0
DA:1106,0
DA:1108,0
DA:1110,0
DA:1113,0
DA:1114,0
DA:1192,0
DA:1193,0
DA:1217,0
DA:1218,0
LF:155
LH:0
end_of_record
TN:
SF:/Applications/Xcode.app/Contents/Developer/Toolchains/XcodeDefault.xctoolchain/usr/include/c++/v1/__functional_base
FN:54,_ZNKSt3__14lessIPKN5boost6system14error_categoryEEclERKS5_S8_
FNDA:0,_ZNKSt3__14lessIPKN5boost6system14error_categoryEEclERKS5_S8_
FNF:1
FNH:0
DA:54,0
DA:55,0
LF:2
LH:0
end_of_record
TN:
SF:/Applications/Xcode.app/Contents/Developer/Toolchains/XcodeDefault.xctoolchain/usr/include/c++/v1/__locale
FN:224,_ZNSt3__1L9has_facetINS_7codecvtIcc11__mbstate_tEEEEbRKNS_6localeE
FN:232,_ZNSt3__1L9use_facetINS_5ctypeIcEEEERKT_RKNS_6localeE
FN:232,_ZNSt3__1L9use_facetINS_7codecvtIcc11__mbstate_tEEEERKT_RKNS_6localeE
FN:591,_ZNKSt3__15ctypeIcE2isEjc
FN:647,_ZNKSt3__15ctypeIcE5widenEc
FN:659,_ZNKSt3__15ctypeIcE6narrowEcc
FN:882,_ZNKSt3__17codecvtIcc11__mbstate_tE3outERS1_PKcS5_RS5_PcS7_RS7_
FN:890,_ZNKSt3__17codecvtIcc11__mbstate_tE7unshiftERS1_PcS4_RS4_
FN:897,_ZNKSt3__17codecvtIcc11__mbstate_tE2inERS1_PKcS5_RS5_PcS7_RS7_
FN:905,_ZNKSt3__17codecvtIcc11__mbstate_tE8encodingEv
FN:911,_ZNKSt3__17codecvtIcc11__mbstate_tE13always_noconvEv
FN:917,_ZNKSt3__17codecvtIcc11__mbstate_tE6lengthERS1_PKcS5_m
FNDA:132,_ZNKSt3__17codecvtIcc11__mbstate_tE13always_noconvEv
FNDA:36168,_ZNKSt3__15ctypeIcE5widenEc
FNDA:0,_ZNKSt3__17codecvtIcc11__mbstate_tE3outERS1_PKcS5_RS5_PcS7_RS7_
FNDA:0,_ZNKSt3__17codecvtIcc11__mbstate_tE2inERS1_PKcS5_RS5_PcS7_RS7_
FNDA:0,_ZNKSt3__17codecvtIcc11__mbstate_tE7unshiftERS1_PcS4_RS4_
FNDA:467808,_ZNSt3__1L9use_facetINS_5ctypeIcEEEERKT_RKNS_6localeE
FNDA:0,_ZNKSt3__15ctypeIcE6narrowEcc
FNDA:0,_ZNKSt3__17codecvtIcc11__mbstate_tE8encodingEv
FNDA:431640,_ZNKSt3__15ctypeIcE2isEjc
FNDA:132,_ZNSt3__1L9use_facetINS_7codecvtIcc11__mbstate_tEEEERKT_RKNS_6localeE
FNDA:132,_ZNSt3__1L9has_facetINS_7codecvtIcc11__mbstate_tEEEEbRKNS_6localeE
FNDA:0,_ZNKSt3__17codecvtIcc11__mbstate_tE6lengthERS1_PKcS5_m
FNF:12
FNH:6
DA:224,132
DA:226,132
DA:232,467940
DA:234,467940
DA:591,431640
DA:593,431640
DA:647,36168
DA:649,36168
DA:659,0
DA:661,0
DA:882,0
DA:886,0
DA:890,0
DA:893,0
DA:897,0
DA:901,0
DA:905,0
DA:907,0
DA:911,132
DA:913,132
DA:917,0
DA:919,0
LF:22
LH:10
end_of_record
TN:
SF:/Applications/Xcode.app/Contents/Developer/Toolchains/XcodeDefault.xctoolchain/usr/include/c++/v1/__mutex_base
FN:103,_ZNSt3__110lock_guardINS_5mutexEEC2ERS1_
FN:103,_ZNSt3__110lock_guardINS_5mutexEEC1ERS1_
FN:109,_ZNSt3__110lock_guardINS_5mutexEED2Ev
FN:109,_ZNSt3__110lock_guardINS_5mutexEED1Ev
FNDA:0,_ZNSt3__110lock_guardINS_5mutexEED1Ev
FNDA:0,_ZNSt3__110lock_guardINS_5mutexEEC2ERS1_
FNDA:0,_ZNSt3__110lock_guardINS_5mutexEED2Ev
FNDA:0,_ZNSt3__110lock_guardINS_5mutexEEC1ERS1_
FNF:4
FNH:0
DA:103,0
DA:104,0
DA:109,0
LF:3
LH:0
end_of_record
TN:
SF:/Applications/Xcode.app/Contents/Developer/Toolchains/XcodeDefault.xctoolchain/usr/include/c++/v1/__split_buffer
FN:56,_ZNSt3__114__split_bufferINS_12basic_stringIcNS_11char_traitsIcEENS_9allocatorIcEEEERNS4_IS6_EEE7__allocEv
FN:56,_ZNSt3__114__split_bufferIN5boost2io6detail11format_itemIcNS_11char_traitsIcEENS_9allocatorIcEEEERNS7_IS9_EEE7__allocEv
FN:56,_ZNSt3__114__split_bufferI6OpcodeRNS_9allocatorIS1_EEE7__allocEv
FN:56,_ZNSt3__114__split_bufferIhRNS_9allocatorIhEEE7__allocEv
FN:58,_ZNSt3__114__split_bufferI6OpcodeRNS_9allocatorIS1_EEE9__end_capEv
FN:58,_ZNSt3__114__split_bufferIhRNS_9allocatorIhEEE9__end_capEv
FN:58,_ZNSt3__114__split_bufferIN5boost2io6detail11format_itemIcNS_11char_traitsIcEENS_9allocatorIcEEEERNS7_IS9_EEE9__end_capEv
FN:58,_ZNSt3__114__split_bufferINS_12basic_stringIcNS_11char_traitsIcEENS_9allocatorIcEEEERNS4_IS6_EEE9__end_capEv
FN:59,_ZNKSt3__114__split_bufferIhRNS_9allocatorIhEEE9__end_capEv
FN:59,_ZNKSt3__114__split_bufferINS_12basic_stringIcNS_11char_traitsIcEENS_9allocatorIcEEEERNS4_IS6_EEE9__end_capEv
FN:59,_ZNKSt3__114__split_bufferIN5boost2io6detail11format_itemIcNS_11char_traitsIcEENS_9allocatorIcEEEERNS7_IS9_EEE9__end_capEv
FN:59,_ZNKSt3__114__split_bufferI6OpcodeRNS_9allocatorIS1_EEE9__end_capEv
FN:87,_ZNSt3__114__split_bufferIhRNS_9allocatorIhEEE5clearEv
FN:87,_ZNSt3__114__split_bufferI6OpcodeRNS_9allocatorIS1_EEE5clearEv
FN:87,_ZNSt3__114__split_bufferINS_12basic_stringIcNS_11char_traitsIcEENS_9allocatorIcEEEERNS4_IS6_EEE5clearEv
FN:87,_ZNSt3__114__split_bufferIN5boost2io6detail11format_itemIcNS_11char_traitsIcEENS_9allocatorIcEEEERNS7_IS9_EEE5clearEv
FN:91,_ZNKSt3__114__split_bufferIN5boost2io6detail11format_itemIcNS_11char_traitsIcEENS_9allocatorIcEEEERNS7_IS9_EEE8capacityEv
FN:91,_ZNKSt3__114__split_bufferIhRNS_9allocatorIhEEE8capacityEv
FN:91,_ZNKSt3__114__split_bufferINS_12basic_stringIcNS_11char_traitsIcEENS_9allocatorIcEEEERNS4_IS6_EEE8capacityEv
FN:91,_ZNKSt3__114__split_bufferI6OpcodeRNS_9allocatorIS1_EEE8capacityEv
FN:140,_ZNSt3__114__split_bufferINS_12basic_stringIcNS_11char_traitsIcEENS_9allocatorIcEEEERNS4_IS6_EEE17__destruct_at_endEPS6_
FN:140,_ZNSt3__114__split_bufferIhRNS_9allocatorIhEEE17__destruct_at_endEPh
FN:140,_ZNSt3__114__split_bufferIN5boost2io6detail11format_itemIcNS_11char_traitsIcEENS_9allocatorIcEEEERNS7_IS9_EEE17__destruct_at_endEPS9_
FN:140,_ZNSt3__114__split_bufferI6OpcodeRNS_9allocatorIS1_EEE17__destruct_at_endEPS1_
FN:217,_ZNSt3__114__split_bufferIN5boost2io6detail11format_itemIcNS_11char_traitsIcEENS_9allocatorIcEEEERNS7_IS9_EEE18__construct_at_endEmRKS9_
FN:293,_ZNSt3__114__split_bufferIhRNS_9allocatorIhEEE17__destruct_at_endEPhNS_17integral_constantIbLb0EEE
FN:293,_ZNSt3__114__split_bufferIN5boost2io6detail11format_itemIcNS_11char_traitsIcEENS_9allocatorIcEEEERNS7_IS9_EEE17__destruct_at_endEPS9_NS_17integral_constantIbLb0EEE
FN:293,_ZNSt3__114__split_bufferI6OpcodeRNS_9allocatorIS1_EEE17__destruct_at_endEPS1_NS_17integral_constantIbLb0EEE
FN:293,_ZNSt3__114__split_bufferINS_12basic_stringIcNS_11char_traitsIcEENS_9allocatorIcEEEERNS4_IS6_EEE17__destruct_at_endEPS6_NS_17integral_constantIbLb0EEE
FN:308,_ZNSt3__114__split_bufferINS_12basic_stringIcNS_11char_traitsIcEENS_9allocatorIcEEEERNS4_IS6_EEEC1EmmS8_
FN:308,_ZNSt3__114__split_bufferI6OpcodeRNS_9allocatorIS1_EEEC1EmmS4_
FN:308,_ZNSt3__114__split_bufferIN5boost2io6detail11format_itemIcNS_11char_traitsIcEENS_9allocatorIcEEEERNS7_IS9_EEEC1EmmSB_
FN:308,_ZNSt3__114__split_bufferIhRNS_9allocatorIhEEEC2EmmS3_
FN:308,_ZNSt3__114__split_bufferINS_12basic_stringIcNS_11char_traitsIcEENS_9allocatorIcEEEERNS4_IS6_EEEC2EmmS8_
FN:308,_ZNSt3__114__split_bufferI6OpcodeRNS_9allocatorIS1_EEEC2EmmS4_
FN:308,_ZNSt3__114__split_bufferIN5boost2io6detail11format_itemIcNS_11char_traitsIcEENS_9allocatorIcEEEERNS7_IS9_EEEC2EmmSB_
FN:308,_ZNSt3__114__split_bufferIhRNS_9allocatorIhEEEC1EmmS3_
FN:339,_ZNSt3__114__split_bufferINS_12basic_stringIcNS_11char_traitsIcEENS_9allocatorIcEEEERNS4_IS6_EEED2Ev
FN:339,_ZNSt3__114__split_bufferIN5boost2io6detail11format_itemIcNS_11char_traitsIcEENS_9allocatorIcEEEERNS7_IS9_EEED1Ev
FN:339,_ZNSt3__114__split_bufferINS_12basic_stringIcNS_11char_traitsIcEENS_9allocatorIcEEEERNS4_IS6_EEED1Ev
FN:339,_ZNSt3__114__split_bufferI6OpcodeRNS_9allocatorIS1_EEED1Ev
FN:339,_ZNSt3__114__split_bufferIhRNS_9allocatorIhEEED1Ev
FN:339,_ZNSt3__114__split_bufferIhRNS_9allocatorIhEEED2Ev
FN:339,_ZNSt3__114__split_bufferI6OpcodeRNS_9allocatorIS1_EEED2Ev
FN:339,_ZNSt3__114__split_bufferIN5boost2io6detail11format_itemIcNS_11char_traitsIcEENS_9allocatorIcEEEERNS7_IS9_EEED2Ev
FNDA:1188,_ZNSt3__114__split_bufferI6OpcodeRNS_9allocatorIS1_EEED2Ev
FNDA:0,_ZNSt3__114__split_bufferIhRNS_9allocatorIhEEE17__destruct_at_endEPh
FNDA:0,_ZNSt3__114__split_bufferIN5boost2io6detail11format_itemIcNS_11char_traitsIcEENS_9allocatorIcEEEERNS7_IS9_EEEC2EmmSB_
FNDA:135168,_ZNSt3__114__split_bufferINS_12basic_stringIcNS_11char_traitsIcEENS_9allocatorIcEEEERNS4_IS6_EEE17__destruct_at_endEPS6_NS_17integral_constantIbLb0EEE
FNDA:101376,_ZNKSt3__114__split_bufferINS_12basic_stringIcNS_11char_traitsIcEENS_9allocatorIcEEEERNS4_IS6_EEE8capacityEv
FNDA:0,_ZNSt3__114__split_bufferIN5boost2io6detail11format_itemIcNS_11char_traitsIcEENS_9allocatorIcEEEERNS7_IS9_EEED2Ev
FNDA:0,_ZNSt3__114__split_bufferIN5boost2io6detail11format_itemIcNS_11char_traitsIcEENS_9allocatorIcEEEERNS7_IS9_EEE18__construct_at_endEmRKS9_
FNDA:35904,_ZNSt3__114__split_bufferI6OpcodeRNS_9allocatorIS1_EEE7__allocEv
FNDA:270336,_ZNSt3__114__split_bufferINS_12basic_stringIcNS_11char_traitsIcEENS_9allocatorIcEEEERNS4_IS6_EEE9__end_capEv
FNDA:0,_ZNSt3__114__split_bufferIhRNS_9allocatorIhEEE7__allocEv
FNDA:0,_ZNSt3__114__split_bufferIN5boost2io6detail11format_itemIcNS_11char_traitsIcEENS_9allocatorIcEEEERNS7_IS9_EEE5clearEv
FNDA:0,_ZNSt3__114__split_bufferIN5boost2io6detail11format_itemIcNS_11char_traitsIcEENS_9allocatorIcEEEERNS7_IS9_EEE17__destruct_at_endEPS9_
FNDA:1188,_ZNSt3__114__split_bufferI6OpcodeRNS_9allocatorIS1_EEE17__destruct_at_endEPS1_
FNDA:0,_ZNSt3__114__split_bufferIhRNS_9allocatorIhEEEC1EmmS3_
FNDA:1056,_ZNKSt3__114__split_bufferI6OpcodeRNS_9allocatorIS1_EEE8capacityEv
FNDA:0,_ZNSt3__114__split_bufferIN5boost2io6detail11format_itemIcNS_11char_traitsIcEENS_9allocatorIcEEEERNS7_IS9_EEE7__allocEv
FNDA:1188,_ZNSt3__114__split_bufferI6OpcodeRNS_9allocatorIS1_EEED1Ev
FNDA:0,_ZNSt3__114__split_bufferIN5boost2io6detail11format_itemIcNS_11char_traitsIcEENS_9allocatorIcEEEERNS7_IS9_EEE17__destruct_at_endEPS9_NS_17integral_constantIbLb0EEE
FNDA:101376,_ZNKSt3__114__split_bufferINS_12basic_stringIcNS_11char_traitsIcEENS_9allocatorIcEEEERNS4_IS6_EEE9__end_capEv
FNDA:0,_ZNKSt3__114__split_bufferIN5boost2io6detail11format_itemIcNS_11char_traitsIcEENS_9allocatorIcEEEERNS7_IS9_EEE9__end_capEv
FNDA:0,_ZNSt3__114__split_bufferIhRNS_9allocatorIhEEE9__end_capEv
FNDA:135168,_ZNSt3__114__split_bufferINS_12basic_stringIcNS_11char_traitsIcEENS_9allocatorIcEEEERNS4_IS6_EEE5clearEv
FNDA:1188,_ZNSt3__114__split_bufferI6OpcodeRNS_9allocatorIS1_EEE17__destruct_at_endEPS1_NS_17integral_constantIbLb0EEE
FNDA:0,_ZNSt3__114__split_bufferIhRNS_9allocatorIhEEED1Ev
FNDA:0,_ZNSt3__114__split_bufferIhRNS_9allocatorIhEEED2Ev
FNDA:0,_ZNKSt3__114__split_bufferIhRNS_9allocatorIhEEE8capacityEv
FNDA:1056,_ZNKSt3__114__split_bufferI6OpcodeRNS_9allocatorIS1_EEE9__end_capEv
FNDA:0,_ZNSt3__114__split_bufferIN5boost2io6detail11format_itemIcNS_11char_traitsIcEENS_9allocatorIcEEEERNS7_IS9_EEE9__end_capEv
FNDA:135168,_ZNSt3__114__split_bufferINS_12basic_stringIcNS_11char_traitsIcEENS_9allocatorIcEEEERNS4_IS6_EEED1Ev
FNDA:1188,_ZNSt3__114__split_bufferI6OpcodeRNS_9allocatorIS1_EEEC2EmmS4_
FNDA:0,_ZNSt3__114__split_bufferIhRNS_9allocatorIhEEE17__destruct_at_endEPhNS_17integral_constantIbLb0EEE
FNDA:473088,_ZNSt3__114__split_bufferINS_12basic_stringIcNS_11char_traitsIcEENS_9allocatorIcEEEERNS4_IS6_EEE7__allocEv
FNDA:135168,_ZNSt3__114__split_bufferINS_12basic_stringIcNS_11char_traitsIcEENS_9allocatorIcEEEERNS4_IS6_EEE17__destruct_at_endEPS6_
FNDA:2376,_ZNSt3__114__split_bufferI6OpcodeRNS_9allocatorIS1_EEE9__end_capEv
FNDA:0,_ZNKSt3__114__split_bufferIN5boost2io6detail11format_itemIcNS_11char_traitsIcEENS_9allocatorIcEEEERNS7_IS9_EEE8capacityEv
FNDA:135168,_ZNSt3__114__split_bufferINS_12basic_stringIcNS_11char_traitsIcEENS_9allocatorIcEEEERNS4_IS6_EEED2Ev
FNDA:135168,_ZNSt3__114__split_bufferINS_12basic_stringIcNS_11char_traitsIcEENS_9allocatorIcEEEERNS4_IS6_EEEC1EmmS8_
FNDA:0,_ZNSt3__114__split_bufferIhRNS_9allocatorIhEEE5clearEv
FNDA:0,_ZNKSt3__114__split_bufferIhRNS_9allocatorIhEEE9__end_capEv
FNDA:0,_ZNSt3__114__split_bufferIN5boost2io6detail11format_itemIcNS_11char_traitsIcEENS_9allocatorIcEEEERNS7_IS9_EEEC1EmmSB_
FNDA:1188,_ZNSt3__114__split_bufferI6OpcodeRNS_9allocatorIS1_EEEC1EmmS4_
FNDA:0,_ZNSt3__114__split_bufferIN5boost2io6detail11format_itemIcNS_11char_traitsIcEENS_9allocatorIcEEEERNS7_IS9_EEED1Ev
FNDA:1188,_ZNSt3__114__split_bufferI6OpcodeRNS_9allocatorIS1_EEE5clearEv
FNDA:0,_ZNSt3__114__split_bufferIhRNS_9allocatorIhEEEC2EmmS3_
FNDA:135168,_ZNSt3__114__split_bufferINS_12basic_stringIcNS_11char_traitsIcEENS_9allocatorIcEEEERNS4_IS6_EEEC2EmmS8_
FNF:45
FNH:22
DA:56,508992
DA:58,272712
DA:59,102432
DA:87,136356
DA:88,136356
DA:91,102432
DA:140,136356
DA:141,136356
DA:217,0
DA:219,0
DA:220,0
DA:222,0
DA:223,0
DA:224,0
DA:225,0
DA:226,0
DA:293,136356
DA:295,406560
DA:296,270204
DA:297,136356
DA:308,272712
DA:309,136356
DA:310,272712
DA:311,136356
DA:312,136356
DA:313,136356
DA:314,272712
DA:339,272712
DA:340,136356
DA:341,136356
DA:342,136356
DA:343,102432
DA:344,272712
LF:33
LH:25
end_of_record
TN:
SF:/Applications/Xcode.app/Contents/Developer/Toolchains/XcodeDefault.xctoolchain/usr/include/c++/v1/__string
FN:209,_ZNSt3__111char_traitsIcE6assignERcRKc
FN:210,_ZNSt3__111char_traitsIcE2eqEcc
FN:218,_ZNSt3__111char_traitsIcE6lengthEPKc
FN:223,_ZNSt3__111char_traitsIcE4copyEPcPKcm
FN:231,_ZNSt3__111char_traitsIcE7not_eofEi
FN:233,_ZNSt3__111char_traitsIcE12to_char_typeEi
FN:235,_ZNSt3__111char_traitsIcE11to_int_typeEc
FN:237,_ZNSt3__111char_traitsIcE11eq_int_typeEii
FN:239,_ZNSt3__111char_traitsIcE3eofEv
FNDA:1489356,_ZNSt3__111char_traitsIcE6assignERcRKc
FNDA:0,_ZNSt3__111char_traitsIcE7not_eofEi
FNDA:1461504,_ZNSt3__111char_traitsIcE11to_int_typeEc
FNDA:1461504,_ZNSt3__111char_traitsIcE12to_char_typeEi
FNDA:1468008,_ZNSt3__111char_traitsIcE3eofEv
FNDA:0,_ZNSt3__111char_traitsIcE4copyEPcPKcm
FNDA:36711,_ZNSt3__111char_traitsIcE6lengthEPKc
FNDA:1461636,_ZNSt3__111char_traitsIcE11eq_int_typeEii
FNDA:1461504,_ZNSt3__111char_traitsIcE2eqEcc
FNF:9
FNH:7
DA:209,1489356
DA:210,1461504
DA:211,1461504
DA:218,36711
DA:223,0
DA:226,0
DA:231,0
DA:232,0
DA:233,1461504
DA:234,1461504
DA:235,1461504
DA:236,1461504
DA:237,1461636
DA:238,1461636
DA:239,1468008
DA:240,1468008
LF:16
LH:12
end_of_record
TN:
SF:/Applications/Xcode.app/Contents/Developer/Toolchains/XcodeDefault.xctoolchain/usr/include/c++/v1/__tree
FN:73,_ZNSt3__1L20__tree_is_left_childIPNS_16__tree_node_baseIPvEEEEbT_
FN:227,_ZNSt3__118__tree_left_rotateIPNS_16__tree_node_baseIPvEEEEvT_
FN:247,_ZNSt3__119__tree_right_rotateIPNS_16__tree_node_baseIPvEEEEvT_
FN:272,_ZNSt3__127__tree_balance_after_insertIPNS_16__tree_node_baseIPvEEEEvT_S5_
FN:590,_ZNSt3__122__tree_key_value_typesINS_12__value_typeIPKN5boost6system14error_categoryENS_10unique_ptrINS3_6detail12std_categoryENS_14default_deleteIS9_EEEEEEE9__get_keyINS_4pairIKS6_SC_EEEENS_9enable_ifIXsr17__is_same_uncvrefIT_SI_EE5valueERSH_E4typeERSK_
FN:609,_ZNSt3__122__tree_key_value_typesINS_12__value_typeIPKN5boost6system14error_categoryENS_10unique_ptrINS3_6detail12std_categoryENS_14default_deleteIS9_EEEEEEE9__get_ptrERSD_
FN:713,_ZNSt3__115__tree_end_nodeIPNS_16__tree_node_baseIPvEEEC1Ev
FN:713,_ZNSt3__115__tree_end_nodeIPNS_16__tree_node_baseIPvEEEC2Ev
FN:731,_ZNKSt3__116__tree_node_baseIPvE15__parent_unsafeEv
FN:734,_ZNSt3__116__tree_node_baseIPvE12__set_parentEPS2_
FN:778,_ZNSt3__122__tree_node_destructorINS_9allocatorINS_11__tree_nodeINS_12__value_typeIPKN5boost6system14error_categoryENS_10unique_ptrINS5_6detail12std_categoryENS_14default_deleteISB_EEEEEEPvEEEEEC1ERSI_b
FN:778,_ZNSt3__122__tree_node_destructorINS_9allocatorINS_11__tree_nodeINS_12__value_typeIPKN5boost6system14error_categoryENS_10unique_ptrINS5_6detail12std_categoryENS_14default_deleteISB_EEEEEEPvEEEEEC2ERSI_b
FN:784,_ZNSt3__122__tree_node_destructorINS_9allocatorINS_11__tree_nodeINS_12__value_typeIPKN5boost6system14error_categoryENS_10unique_ptrINS5_6detail12std_categoryENS_14default_deleteISB_EEEEEEPvEEEEEclEPSH_
FN:831,_ZNKSt3__115__tree_iteratorINS_12__value_typeIPKN5boost6system14error_categoryENS_10unique_ptrINS3_6detail12std_categoryENS_14default_deleteIS9_EEEEEEPNS_11__tree_nodeISD_PvEElEdeEv
FN:833,_ZNKSt3__115__tree_iteratorINS_12__value_typeIPKN5boost6system14error_categoryENS_10unique_ptrINS3_6detail12std_categoryENS_14default_deleteIS9_EEEEEEPNS_11__tree_nodeISD_PvEElEptEv
FN:857,_ZNSt3__1eqERKNS_15__tree_iteratorINS_12__value_typeIPKN5boost6system14error_categoryENS_10unique_ptrINS3_6detail12std_categoryENS_14default_deleteIS9_EEEEEEPNS_11__tree_nodeISD_PvEElEESK_
FN:860,_ZNSt3__1neERKNS_15__tree_iteratorINS_12__value_typeIPKN5boost6system14error_categoryENS_10unique_ptrINS3_6detail12std_categoryENS_14default_deleteIS9_EEEEEEPNS_11__tree_nodeISD_PvEElEESK_
FN:865,_ZNSt3__115__tree_iteratorINS_12__value_typeIPKN5boost6system14error_categoryENS_10unique_ptrINS3_6detail12std_categoryENS_14default_deleteIS9_EEEEEEPNS_11__tree_nodeISD_PvEElEC2ESH_
FN:865,_ZNSt3__115__tree_iteratorINS_12__value_typeIPKN5boost6system14error_categoryENS_10unique_ptrINS3_6detail12std_categoryENS_14default_deleteIS9_EEEEEEPNS_11__tree_nodeISD_PvEElEC1ESH_
FN:867,_ZNSt3__115__tree_iteratorINS_12__value_typeIPKN5boost6system14error_categoryENS_10unique_ptrINS3_6detail12std_categoryENS_14default_deleteIS9_EEEEEEPNS_11__tree_nodeISD_PvEElEC1EPNS_15__tree_end_nodeIPNS_16__tree_node_baseISF_EEEE
FN:867,_ZNSt3__115__tree_iteratorINS_12__value_typeIPKN5boost6system14error_categoryENS_10unique_ptrINS3_6detail12std_categoryENS_14default_deleteIS9_EEEEEEPNS_11__tree_nodeISD_PvEElEC2EPNS_15__tree_end_nodeIPNS_16__tree_node_baseISF_EEEE
FN:869,_ZNKSt3__115__tree_iteratorINS_12__value_typeIPKN5boost6system14error_categoryENS_10unique_ptrINS3_6detail12std_categoryENS_14default_deleteIS9_EEEEEEPNS_11__tree_nodeISD_PvEElE8__get_npEv
FN:1032,_ZNSt3__16__treeINS_12__value_typeIPKN5boost6system14error_categoryENS_10unique_ptrINS3_6detail12std_categoryENS_14default_deleteIS9_EEEEEENS_19__map_value_compareIS6_SD_NS8_12cat_ptr_lessELb1EEENS_9allocatorISD_EEE10__end_nodeEv
FN:1039,_ZNKSt3__16__treeINS_12__value_typeIPKN5boost6system14error_categoryENS_10unique_ptrINS3_6detail12std_categoryENS_14default_deleteIS9_EEEEEENS_19__map_value_compareIS6_SD_NS8_12cat_ptr_lessELb1EEENS_9allocatorISD_EEE10__end_nodeEv
FN:1048,_ZNSt3__16__treeINS_12__value_typeIPKN5boost6system14error_categoryENS_10unique_ptrINS3_6detail12std_categoryENS_14default_deleteIS9_EEEEEENS_19__map_value_compareIS6_SD_NS8_12cat_ptr_lessELb1EEENS_9allocatorISD_EEE12__node_allocEv
FN:1054,_ZNSt3__16__treeINS_12__value_typeIPKN5boost6system14error_categoryENS_10unique_ptrINS3_6detail12std_categoryENS_14default_deleteIS9_EEEEEENS_19__map_value_compareIS6_SD_NS8_12cat_ptr_lessELb1EEENS_9allocatorISD_EEE12__begin_nodeEv
FN:1063,_ZNSt3__16__treeINS_12__value_typeIPKN5boost6system14error_categoryENS_10unique_ptrINS3_6detail12std_categoryENS_14default_deleteIS9_EEEEEENS_19__map_value_compareIS6_SD_NS8_12cat_ptr_lessELb1EEENS_9allocatorISD_EEE4sizeEv
FN:1068,_ZNSt3__16__treeINS_12__value_typeIPKN5boost6system14error_categoryENS_10unique_ptrINS3_6detail12std_categoryENS_14default_deleteIS9_EEEEEENS_19__map_value_compareIS6_SD_NS8_12cat_ptr_lessELb1EEENS_9allocatorISD_EEE10value_compEv
FN:1075,_ZNKSt3__16__treeINS_12__value_typeIPKN5boost6system14error_categoryENS_10unique_ptrINS3_6detail12std_categoryENS_14default_deleteIS9_EEEEEENS_19__map_value_compareIS6_SD_NS8_12cat_ptr_lessELb1EEENS_9allocatorISD_EEE6__rootEv
FN:1078,_ZNKSt3__16__treeINS_12__value_typeIPKN5boost6system14error_categoryENS_10unique_ptrINS3_6detail12std_categoryENS_14default_deleteIS9_EEEEEENS_19__map_value_compareIS6_SD_NS8_12cat_ptr_lessELb1EEENS_9allocatorISD_EEE10__root_ptrEv
FN:1117,_ZNSt3__16__treeINS_12__value_typeIPKN5boost6system14error_categoryENS_10unique_ptrINS3_6detail12std_categoryENS_14default_deleteIS9_EEEEEENS_19__map_value_compareIS6_SD_NS8_12cat_ptr_lessELb1EEENS_9allocatorISD_EEE3endEv
FN:1275,_ZNSt3__16__treeINS_12__value_typeIPKN5boost6system14error_categoryENS_10unique_ptrINS3_6detail12std_categoryENS_14default_deleteIS9_EEEEEENS_19__map_value_compareIS6_SD_NS8_12cat_ptr_lessELb1EEENS_9allocatorISD_EEE15__insert_uniqueEONS_4pairIKS6_SC_EE
FN:1520,_ZNSt3__16__treeINS_12__value_typeIPKN5boost6system14error_categoryENS_10unique_ptrINS3_6detail12std_categoryENS_14default_deleteIS9_EEEEEENS_19__map_value_compareIS6_SD_NS8_12cat_ptr_lessELb1EEENS_9allocatorISD_EEEC1ERKSG_
FN:1520,_ZNSt3__16__treeINS_12__value_typeIPKN5boost6system14error_categoryENS_10unique_ptrINS3_6detail12std_categoryENS_14default_deleteIS9_EEEEEENS_19__map_value_compareIS6_SD_NS8_12cat_ptr_lessELb1EEENS_9allocatorISD_EEEC2ERKSG_
FN:1838,_ZNSt3__16__treeINS_12__value_typeIPKN5boost6system14error_categoryENS_10unique_ptrINS3_6detail12std_categoryENS_14default_deleteIS9_EEEEEENS_19__map_value_compareIS6_SD_NS8_12cat_ptr_lessELb1EEENS_9allocatorISD_EEED2Ev
FN:1838,_ZNSt3__16__treeINS_12__value_typeIPKN5boost6system14error_categoryENS_10unique_ptrINS3_6detail12std_categoryENS_14default_deleteIS9_EEEEEENS_19__map_value_compareIS6_SD_NS8_12cat_ptr_lessELb1EEENS_9allocatorISD_EEED1Ev
FN:1847,_ZNSt3__16__treeINS_12__value_typeIPKN5boost6system14error_categoryENS_10unique_ptrINS3_6detail12std_categoryENS_14default_deleteIS9_EEEEEENS_19__map_value_compareIS6_SD_NS8_12cat_ptr_lessELb1EEENS_9allocatorISD_EEE7destroyEPNS_11__tree_nodeISD_PvEE
FN:2019,_ZNSt3__16__treeINS_12__value_typeIPKN5boost6system14error_categoryENS_10unique_ptrINS3_6detail12std_categoryENS_14default_deleteIS9_EEEEEENS_19__map_value_compareIS6_SD_NS8_12cat_ptr_lessELb1EEENS_9allocatorISD_EEE12__find_equalIS6_EERPNS_16__tree_node_baseIPvEERPNS_15__tree_end_nodeISO_EERKT_
FN:2123,_ZNSt3__16__treeINS_12__value_typeIPKN5boost6system14error_categoryENS_10unique_ptrINS3_6detail12std_categoryENS_14default_deleteIS9_EEEEEENS_19__map_value_compareIS6_SD_NS8_12cat_ptr_lessELb1EEENS_9allocatorISD_EEE16__insert_node_atEPNS_15__tree_end_nodeIPNS_16__tree_node_baseIPvEEEERSO_SO_
FN:2142,_ZNSt3__16__treeINS_12__value_typeIPKN5boost6system14error_categoryENS_10unique_ptrINS3_6detail12std_categoryENS_14default_deleteIS9_EEEEEENS_19__map_value_compareIS6_SD_NS8_12cat_ptr_lessELb1EEENS_9allocatorISD_EEE25__emplace_unique_key_argsIS6_JNS_4pairIKS6_SC_EEEEENSL_INS_15__tree_iteratorISD_PNS_11__tree_nodeISD_PvEElEEbEERKT_DpOT0_
FN:2206,_ZNSt3__16__treeINS_12__value_typeIPKN5boost6system14error_categoryENS_10unique_ptrINS3_6detail12std_categoryENS_14default_deleteIS9_EEEEEENS_19__map_value_compareIS6_SD_NS8_12cat_ptr_lessELb1EEENS_9allocatorISD_EEE16__construct_nodeIJNS_4pairIKS6_SC_EEEEENS7_INS_11__tree_nodeISD_PvEENS_22__tree_node_destructorINSH_ISQ_EEEEEEDpOT_
FN:2597,_ZNSt3__16__treeINS_12__value_typeIPKN5boost6system14error_categoryENS_10unique_ptrINS3_6detail12std_categoryENS_14default_deleteIS9_EEEEEENS_19__map_value_compareIS6_SD_NS8_12cat_ptr_lessELb1EEENS_9allocatorISD_EEE4findIS6_EENS_15__tree_iteratorISD_PNS_11__tree_nodeISD_PvEElEERKT_
FN:2664,_ZNSt3__16__treeINS_12__value_typeIPKN5boost6system14error_categoryENS_10unique_ptrINS3_6detail12std_categoryENS_14default_deleteIS9_EEEEEENS_19__map_value_compareIS6_SD_NS8_12cat_ptr_lessELb1EEENS_9allocatorISD_EEE13__lower_boundIS6_EENS_15__tree_iteratorISD_PNS_11__tree_nodeISD_PvEElEERKT_SP_PNS_15__tree_end_nodeIPNS_16__tree_node_baseISN_EEEE
FNDA:0,_ZNSt3__16__treeINS_12__value_typeIPKN5boost6system14error_categoryENS_10unique_ptrINS3_6detail12std_categoryENS_14default_deleteIS9_EEEEEENS_19__map_value_compareIS6_SD_NS8_12cat_ptr_lessELb1EEENS_9allocatorISD_EEE10value_compEv
FNDA:0,_ZNKSt3__16__treeINS_12__value_typeIPKN5boost6system14error_categoryENS_10unique_ptrINS3_6detail12std_categoryENS_14default_deleteIS9_EEEEEENS_19__map_value_compareIS6_SD_NS8_12cat_ptr_lessELb1EEENS_9allocatorISD_EEE6__rootEv
FNDA:0,_ZNKSt3__16__treeINS_12__value_typeIPKN5boost6system14error_categoryENS_10unique_ptrINS3_6detail12std_categoryENS_14default_deleteIS9_EEEEEENS_19__map_value_compareIS6_SD_NS8_12cat_ptr_lessELb1EEENS_9allocatorISD_EEE10__end_nodeEv
FNDA:0,_ZNSt3__16__treeINS_12__value_typeIPKN5boost6system14error_categoryENS_10unique_ptrINS3_6detail12std_categoryENS_14default_deleteIS9_EEEEEENS_19__map_value_compareIS6_SD_NS8_12cat_ptr_lessELb1EEENS_9allocatorISD_EEEC1ERKSG_
FNDA:0,_ZNSt3__115__tree_end_nodeIPNS_16__tree_node_baseIPvEEEC1Ev
FNDA:0,_ZNSt3__1neERKNS_15__tree_iteratorINS_12__value_typeIPKN5boost6system14error_categoryENS_10unique_ptrINS3_6detail12std_categoryENS_14default_deleteIS9_EEEEEEPNS_11__tree_nodeISD_PvEElEESK_
FNDA:0,_ZNSt3__16__treeINS_12__value_typeIPKN5boost6system14error_categoryENS_10unique_ptrINS3_6detail12std_categoryENS_14default_deleteIS9_EEEEEENS_19__map_value_compareIS6_SD_NS8_12cat_ptr_lessELb1EEENS_9allocatorISD_EEE4sizeEv
FNDA:0,_ZNSt3__115__tree_iteratorINS_12__value_typeIPKN5boost6system14error_categoryENS_10unique_ptrINS3_6detail12std_categoryENS_14default_deleteIS9_EEEEEEPNS_11__tree_nodeISD_PvEElEC2ESH_
FNDA:0,_ZNSt3__122__tree_key_value_typesINS_12__value_typeIPKN5boost6system14error_categoryENS_10unique_ptrINS3_6detail12std_categoryENS_14default_deleteIS9_EEEEEEE9__get_ptrERSD_
FNDA:0,_ZNSt3__16__treeINS_12__value_typeIPKN5boost6system14error_categoryENS_10unique_ptrINS3_6detail12std_categoryENS_14default_deleteIS9_EEEEEENS_19__map_value_compareIS6_SD_NS8_12cat_ptr_lessELb1EEENS_9allocatorISD_EEE4findIS6_EENS_15__tree_iteratorISD_PNS_11__tree_nodeISD_PvEElEERKT_
FNDA:0,_ZNSt3__122__tree_node_destructorINS_9allocatorINS_11__tree_nodeINS_12__value_typeIPKN5boost6system14error_categoryENS_10unique_ptrINS5_6detail12std_categoryENS_14default_deleteISB_EEEEEEPvEEEEEclEPSH_
FNDA:0,_ZNSt3__122__tree_key_value_typesINS_12__value_typeIPKN5boost6system14error_categoryENS_10unique_ptrINS3_6detail12std_categoryENS_14default_deleteIS9_EEEEEEE9__get_keyINS_4pairIKS6_SC_EEEENS_9enable_ifIXsr17__is_same_uncvrefIT_SI_EE5valueERSH_E4typeERSK_
FNDA:0,_ZNSt3__16__treeINS_12__value_typeIPKN5boost6system14error_categoryENS_10unique_ptrINS3_6detail12std_categoryENS_14default_deleteIS9_EEEEEENS_19__map_value_compareIS6_SD_NS8_12cat_ptr_lessELb1EEENS_9allocatorISD_EEE7destroyEPNS_11__tree_nodeISD_PvEE
FNDA:0,_ZNSt3__16__treeINS_12__value_typeIPKN5boost6system14error_categoryENS_10unique_ptrINS3_6detail12std_categoryENS_14default_deleteIS9_EEEEEENS_19__map_value_compareIS6_SD_NS8_12cat_ptr_lessELb1EEENS_9allocatorISD_EEE12__find_equalIS6_EERPNS_16__tree_node_baseIPvEERPNS_15__tree_end_nodeISO_EERKT_
FNDA:0,_ZNSt3__115__tree_iteratorINS_12__value_typeIPKN5boost6system14error_categoryENS_10unique_ptrINS3_6detail12std_categoryENS_14default_deleteIS9_EEEEEEPNS_11__tree_nodeISD_PvEElEC1EPNS_15__tree_end_nodeIPNS_16__tree_node_baseISF_EEEE
FNDA:0,_ZNSt3__127__tree_balance_after_insertIPNS_16__tree_node_baseIPvEEEEvT_S5_
FNDA:0,_ZNSt3__1L20__tree_is_left_childIPNS_16__tree_node_baseIPvEEEEbT_
FNDA:0,_ZNSt3__16__treeINS_12__value_typeIPKN5boost6system14error_categoryENS_10unique_ptrINS3_6detail12std_categoryENS_14default_deleteIS9_EEEEEENS_19__map_value_compareIS6_SD_NS8_12cat_ptr_lessELb1EEENS_9allocatorISD_EEE25__emplace_unique_key_argsIS6_JNS_4pairIKS6_SC_EEEEENSL_INS_15__tree_iteratorISD_PNS_11__tree_nodeISD_PvEElEEbEERKT_DpOT0_
FNDA:0,_ZNSt3__122__tree_node_destructorINS_9allocatorINS_11__tree_nodeINS_12__value_typeIPKN5boost6system14error_categoryENS_10unique_ptrINS5_6detail12std_categoryENS_14default_deleteISB_EEEEEEPvEEEEEC1ERSI_b
FNDA:0,_ZNKSt3__115__tree_iteratorINS_12__value_typeIPKN5boost6system14error_categoryENS_10unique_ptrINS3_6detail12std_categoryENS_14default_deleteIS9_EEEEEEPNS_11__tree_nodeISD_PvEElE8__get_npEv
FNDA:0,_ZNKSt3__116__tree_node_baseIPvE15__parent_unsafeEv
FNDA:0,_ZNSt3__118__tree_left_rotateIPNS_16__tree_node_baseIPvEEEEvT_
FNDA:0,_ZNSt3__16__treeINS_12__value_typeIPKN5boost6system14error_categoryENS_10unique_ptrINS3_6detail12std_categoryENS_14default_deleteIS9_EEEEEENS_19__map_value_compareIS6_SD_NS8_12cat_ptr_lessELb1EEENS_9allocatorISD_EEE13__lower_boundIS6_EENS_15__tree_iteratorISD_PNS_11__tree_nodeISD_PvEElEERKT_SP_PNS_15__tree_end_nodeIPNS_16__tree_node_baseISN_EEEE
FNDA:0,_ZNSt3__16__treeINS_12__value_typeIPKN5boost6system14error_categoryENS_10unique_ptrINS3_6detail12std_categoryENS_14default_deleteIS9_EEEEEENS_19__map_value_compareIS6_SD_NS8_12cat_ptr_lessELb1EEENS_9allocatorISD_EEED2Ev
FNDA:0,_ZNSt3__1eqERKNS_15__tree_iteratorINS_12__value_typeIPKN5boost6system14error_categoryENS_10unique_ptrINS3_6detail12std_categoryENS_14default_deleteIS9_EEEEEEPNS_11__tree_nodeISD_PvEElEESK_
FNDA:0,_ZNSt3__16__treeINS_12__value_typeIPKN5boost6system14error_categoryENS_10unique_ptrINS3_6detail12std_categoryENS_14default_deleteIS9_EEEEEENS_19__map_value_compareIS6_SD_NS8_12cat_ptr_lessELb1EEENS_9allocatorISD_EEEC2ERKSG_
FNDA:0,_ZNSt3__16__treeINS_12__value_typeIPKN5boost6system14error_categoryENS_10unique_ptrINS3_6detail12std_categoryENS_14default_deleteIS9_EEEEEENS_19__map_value_compareIS6_SD_NS8_12cat_ptr_lessELb1EEENS_9allocatorISD_EEE16__insert_node_atEPNS_15__tree_end_nodeIPNS_16__tree_node_baseIPvEEEERSO_SO_
FNDA:0,_ZNSt3__115__tree_iteratorINS_12__value_typeIPKN5boost6system14error_categoryENS_10unique_ptrINS3_6detail12std_categoryENS_14default_deleteIS9_EEEEEEPNS_11__tree_nodeISD_PvEElEC2EPNS_15__tree_end_nodeIPNS_16__tree_node_baseISF_EEEE
FNDA:0,_ZNKSt3__115__tree_iteratorINS_12__value_typeIPKN5boost6system14error_categoryENS_10unique_ptrINS3_6detail12std_categoryENS_14default_deleteIS9_EEEEEEPNS_11__tree_nodeISD_PvEElEdeEv
FNDA:0,_ZNSt3__122__tree_node_destructorINS_9allocatorINS_11__tree_nodeINS_12__value_typeIPKN5boost6system14error_categoryENS_10unique_ptrINS5_6detail12std_categoryENS_14default_deleteISB_EEEEEEPvEEEEEC2ERSI_b
FNDA:0,_ZNSt3__16__treeINS_12__value_typeIPKN5boost6system14error_categoryENS_10unique_ptrINS3_6detail12std_categoryENS_14default_deleteIS9_EEEEEENS_19__map_value_compareIS6_SD_NS8_12cat_ptr_lessELb1EEENS_9allocatorISD_EEE12__node_allocEv
FNDA:0,_ZNSt3__16__treeINS_12__value_typeIPKN5boost6system14error_categoryENS_10unique_ptrINS3_6detail12std_categoryENS_14default_deleteIS9_EEEEEENS_19__map_value_compareIS6_SD_NS8_12cat_ptr_lessELb1EEENS_9allocatorISD_EEE16__construct_nodeIJNS_4pairIKS6_SC_EEEEENS7_INS_11__tree_nodeISD_PvEENS_22__tree_node_destructorINSH_ISQ_EEEEEEDpOT_
FNDA:0,_ZNSt3__16__treeINS_12__value_typeIPKN5boost6system14error_categoryENS_10unique_ptrINS3_6detail12std_categoryENS_14default_deleteIS9_EEEEEENS_19__map_value_compareIS6_SD_NS8_12cat_ptr_lessELb1EEENS_9allocatorISD_EEE12__begin_nodeEv
FNDA:0,_ZNSt3__16__treeINS_12__value_typeIPKN5boost6system14error_categoryENS_10unique_ptrINS3_6detail12std_categoryENS_14default_deleteIS9_EEEEEENS_19__map_value_compareIS6_SD_NS8_12cat_ptr_lessELb1EEENS_9allocatorISD_EEE3endEv
FNDA:0,_ZNSt3__115__tree_iteratorINS_12__value_typeIPKN5boost6system14error_categoryENS_10unique_ptrINS3_6detail12std_categoryENS_14default_deleteIS9_EEEEEEPNS_11__tree_nodeISD_PvEElEC1ESH_
FNDA:0,_ZNSt3__16__treeINS_12__value_typeIPKN5boost6system14error_categoryENS_10unique_ptrINS3_6detail12std_categoryENS_14default_deleteIS9_EEEEEENS_19__map_value_compareIS6_SD_NS8_12cat_ptr_lessELb1EEENS_9allocatorISD_EEED1Ev
FNDA:0,_ZNSt3__115__tree_end_nodeIPNS_16__tree_node_baseIPvEEEC2Ev
FNDA:0,_ZNSt3__119__tree_right_rotateIPNS_16__tree_node_baseIPvEEEEvT_
FNDA:0,_ZNSt3__16__treeINS_12__value_typeIPKN5boost6system14error_categoryENS_10unique_ptrINS3_6detail12std_categoryENS_14default_deleteIS9_EEEEEENS_19__map_value_compareIS6_SD_NS8_12cat_ptr_lessELb1EEENS_9allocatorISD_EEE15__insert_uniqueEONS_4pairIKS6_SC_EE
FNDA:0,_ZNKSt3__16__treeINS_12__value_typeIPKN5boost6system14error_categoryENS_10unique_ptrINS3_6detail12std_categoryENS_14default_deleteIS9_EEEEEENS_19__map_value_compareIS6_SD_NS8_12cat_ptr_lessELb1EEENS_9allocatorISD_EEE10__root_ptrEv
FNDA:0,_ZNSt3__116__tree_node_baseIPvE12__set_parentEPS2_
FNDA:0,_ZNSt3__16__treeINS_12__value_typeIPKN5boost6system14error_categoryENS_10unique_ptrINS3_6detail12std_categoryENS_14default_deleteIS9_EEEEEENS_19__map_value_compareIS6_SD_NS8_12cat_ptr_lessELb1EEENS_9allocatorISD_EEE10__end_nodeEv
FNDA:0,_ZNKSt3__115__tree_iteratorINS_12__value_typeIPKN5boost6system14error_categoryENS_10unique_ptrINS3_6detail12std_categoryENS_14default_deleteIS9_EEEEEEPNS_11__tree_nodeISD_PvEElEptEv
FNF:43
FNH:0
DA:73,0
DA:75,0
DA:227,0
DA:229,0
DA:230,0
DA:231,0
DA:232,0
DA:233,0
DA:234,0
DA:235,0
DA:237,0
DA:238,0
DA:239,0
DA:240,0
DA:247,0
DA:249,0
DA:250,0
DA:251,0
DA:252,0
DA:253,0
DA:254,0
DA:255,0
DA:257,0
DA:258,0
DA:259,0
DA:260,0
DA:272,0
DA:274,0
DA:275,0
DA:278,0
DA:280,0
DA:281,0
DA:283,0
DA:284,0
DA:285,0
DA:286,0
DA:287,0
DA:288,0
DA:291,0
DA:293,0
DA:294,0
DA:295,0
DA:296,0
DA:297,0
DA:298,0
DA:299,0
DA:300,0
DA:301,0
DA:303,0
DA:306,0
DA:307,0
DA:309,0
DA:310,0
DA:311,0
DA:312,0
DA:313,0
DA:314,0
DA:317,0
DA:319,0
DA:320,0
DA:321,0
DA:322,0
DA:323,0
DA:324,0
DA:325,0
DA:326,0
DA:327,0
DA:331,0
DA:590,0
DA:591,0
DA:609,0
DA:610,0
DA:713,0
DA:731,0
DA:734,0
DA:735,0
DA:736,0
DA:778,0
DA:779,0
DA:780,0
DA:781,0
DA:784,0
DA:786,0
DA:787,0
DA:788,0
DA:789,0
DA:790,0
DA:831,0
DA:832,0
DA:833,0
DA:834,0
DA:857,0
DA:858,0
DA:860,0
DA:861,0
DA:865,0
DA:867,0
DA:869,0
DA:1032,0
DA:1034,0
DA:1035,0
DA:1039,0
DA:1041,0
DA:1042,0
DA:1043,0
DA:1048,0
DA:1054,0
DA:1063,0
DA:1068,0
DA:1075,0
DA:1076,0
DA:1078,0
DA:1079,0
DA:1085,0
DA:1117,0
DA:1275,0
DA:1276,0
DA:1520,0
DA:1524,0
DA:1525,0
DA:1526,0
DA:1527,0
DA:1838,0
DA:1839,0
DA:1842,0
DA:1843,0
DA:1847,0
DA:1849,0
DA:1851,0
DA:1852,0
DA:1853,0
DA:1854,0
DA:1855,0
DA:1856,0
DA:1857,0
DA:2019,0
DA:2022,0
DA:2023,0
DA:2024,0
DA:2026,0
DA:2028,0
DA:2030,0
DA:2031,0
DA:2032,0
DA:2033,0
DA:2034,0
DA:2035,0
DA:2037,0
DA:2038,0
DA:2040,0
DA:2041,0
DA:2042,0
DA:2043,0
DA:2044,0
DA:2045,0
DA:2047,0
DA:2050,0
DA:2051,0
DA:2055,0
DA:2056,0
DA:2057,0
DA:2123,0
DA:2127,0
DA:2128,0
DA:2129,0
DA:2131,0
DA:2132,0
DA:2133,0
DA:2134,0
DA:2135,0
DA:2136,0
DA:2142,0
DA:2151,0
DA:2152,0
DA:2153,0
DA:2154,0
DA:2157,0
DA:2161,0
DA:2162,0
DA:2163,0
DA:2164,0
DA:2165,0
DA:2206,0
DA:2210,0
DA:2211,0
DA:2212,0
DA:2213,0
DA:2214,0
DA:2215,0
DA:2597,0
DA:2599,0
DA:2600,0
DA:2601,0
DA:2602,0
DA:2603,0
DA:2664,0
DA:2668,0
DA:2670,0
DA:2672,0
DA:2673,0
DA:2674,0
DA:2676,0
DA:2678,0
LF:203
LH:0
end_of_record
TN:
SF:/Applications/Xcode.app/Contents/Developer/Toolchains/XcodeDefault.xctoolchain/usr/include/c++/v1/algorithm
FN:679,_ZNKSt3__110__equal_toIccEclERKcS3_
FN:716,_ZNKSt3__16__lessImmEclERKmS3_
FN:716,_ZNKSt3__16__lessIPcS1_EclERKS1_S4_
FN:716,_ZNKSt3__16__lessIllEclERKlS3_
FN:716,_ZNKSt3__16__lessIccEclERKcS3_
FN:762,_ZNSt3__1L15__half_positiveIlEENS_9enable_ifIXsr11is_integralIT_EE5valueES2_E4typeES2_
FN:901,_ZNSt3__1L7find_ifINS_11__wrap_iterIPcEEN5boost9algorithm6detail10is_any_ofFIcEEEET_S9_S9_T0_
FN:1216,_ZNSt3__1L5equalINS_11__wrap_iterIPcEES3_NS_10__equal_toIccEEEEbT_S6_T0_T1_
FN:1227,_ZNSt3__1L5equalINS_11__wrap_iterIPcEES3_EEbT_S4_T0_
FN:1583,_ZNSt3__1L13__unwrap_iterIPcEET_S2_
FN:1583,_ZNSt3__1L13__unwrap_iterIPKcEET_S3_
FN:1609,_ZNSt3__1L13__unwrap_iterIhEENS_9enable_ifIXsr28is_trivially_copy_assignableIT_EE5valueEPS2_E4typeENS_11__wrap_iterIS3_EE
FN:1648,_ZNSt3__1L6__copyIKccEENS_9enable_ifIXaasr7is_sameINS_12remove_constIT_E4typeET0_EE5valuesr28is_trivially_copy_assignableIS7_EE5valueEPS7_E4typeEPS4_SB_S8_
FN:1648,_ZNSt3__1L6__copyIhhEENS_9enable_ifIXaasr7is_sameINS_12remove_constIT_E4typeET0_EE5valuesr28is_trivially_copy_assignableIS6_EE5valueEPS6_E4typeEPS3_SA_S7_
FN:1659,_ZNSt3__1L4copyINS_11__wrap_iterIPhEES3_EET0_T_S5_S4_
FN:1659,_ZNSt3__1L4copyIPKcPcEET0_T_S5_S4_
FN:1931,_ZNSt3__1L8__fill_nIPN5boost2io6detail11format_itemIcNS_11char_traitsIcEENS_9allocatorIcEEEEmS9_EET_SB_T0_RKT1_
FN:1941,_ZNSt3__1L6fill_nIPN5boost2io6detail11format_itemIcNS_11char_traitsIcEENS_9allocatorIcEEEEmS9_EET_SB_T0_RKT1_
FN:2454,_ZNSt3__1L3minIlNS_6__lessIllEEEERKT_S5_S5_T0_
FN:2454,_ZNSt3__1L3minImNS_6__lessImmEEEERKT_S5_S5_T0_
FN:2462,_ZNSt3__1L3minImEERKT_S3_S3_
FN:2462,_ZNSt3__1L3minIlEERKT_S3_S3_
FN:2521,_ZNSt3__1L3maxIlNS_6__lessIllEEEERKT_S5_S5_T0_
FN:2521,_ZNSt3__1L3maxIPcNS_6__lessIS1_S1_EEEERKT_S6_S6_T0_
FN:2521,_ZNSt3__1L3maxImNS_6__lessImmEEEERKT_S5_S5_T0_
FN:2529,_ZNSt3__1L3maxImEERKT_S3_S3_
FN:2529,_ZNSt3__1L3maxIlEERKT_S3_S3_
FN:2529,_ZNSt3__1L3maxIPcEERKT_S4_S4_
FN:2776,_ZNSt3__125__independent_bits_engineINS_23mersenne_twister_engineIjLm32ELm624ELm397ELm31ELj2567483615ELm11ELj4294967295ELm7ELj2636928640ELm15ELj4022730752ELm18ELj1812433253EEEjEclEv
FN:2785,_ZNSt3__125__independent_bits_engineINS_23mersenne_twister_engineIjLm32ELm624ELm397ELm31ELj2567483615ELm11ELj4294967295ELm7ELj2636928640ELm15ELj4022730752ELm18ELj1812433253EEEjEC1ERS2_m
FN:2785,_ZNSt3__125__independent_bits_engineINS_23mersenne_twister_engineIjLm32ELm624ELm397ELm31ELj2567483615ELm11ELj4294967295ELm7ELj2636928640ELm15ELj4022730752ELm18ELj1812433253EEEjEC2ERS2_m
FN:2821,_ZNSt3__125__independent_bits_engineINS_23mersenne_twister_engineIjLm32ELm624ELm397ELm31ELj2567483615ELm11ELj4294967295ELm7ELj2636928640ELm15ELj4022730752ELm18ELj1812433253EEEjE6__evalENS_17integral_constantIbLb0EEE
FN:2877,_ZNSt3__124uniform_int_distributionIiE10param_typeC1Eii
FN:2877,_ZNSt3__124uniform_int_distributionIiE10param_typeC2Eii
FN:2881,_ZNKSt3__124uniform_int_distributionIiE10param_type1aEv
FN:2882,_ZNKSt3__124uniform_int_distributionIiE10param_type1bEv
FN:2895,_ZNSt3__124uniform_int_distributionIiEC1Eii
FN:2895,_ZNSt3__124uniform_int_distributionIiEC2Eii
FN:2902,_ZNSt3__124uniform_int_distributionIiEclINS_23mersenne_twister_engineIjLm32ELm624ELm397ELm31ELj2567483615ELm11ELj4294967295ELm7ELj2636928640ELm15ELj4022730752ELm18ELj1812433253EEEEEiRT_
FN:2927,_ZNSt3__124uniform_int_distributionIiEclINS_23mersenne_twister_engineIjLm32ELm624ELm397ELm31ELj2567483615ELm11ELj4294967295ELm7ELj2636928640ELm15ELj4022730752ELm18ELj1812433253EEEEEiRT_RKNS1_10param_typeE
FN:4010,_ZNSt3__1L4sortIPcNS_6__lessIccEEEEvT_S4_T0_
FN:4025,_ZNSt3__1L4sortIPcEEvT_S2_
FN:4093,_ZNSt3__113__lower_boundIRNS_6__lessIccEEPKccEET0_S6_S6_RKT1_T_
FN:4238,_ZNSt3__1L15__binary_searchIRNS_6__lessIccEEPKccEEbT0_S6_RKT1_T_
FN:4247,_ZNSt3__1L13binary_searchIPKccNS_6__lessIccEEEEbT_S5_RKT0_T1_
FN:4262,_ZNSt3__1L13binary_searchIPKccEEbT_S3_RKT0_
FNDA:671,_ZNSt3__125__independent_bits_engineINS_23mersenne_twister_engineIjLm32ELm624ELm397ELm31ELj2567483615ELm11ELj4294967295ELm7ELj2636928640ELm15ELj4022730752ELm18ELj1812433253EEEjEC2ERS2_m
FNDA:1419396,_ZNSt3__1L13binary_searchIPKccNS_6__lessIccEEEEbT_S5_RKT0_T1_
FNDA:137053,_ZNSt3__1L3minImNS_6__lessImmEEEERKT_S5_S5_T0_
FNDA:136356,_ZNSt3__1L3maxImNS_6__lessImmEEEERKT_S5_S5_T0_
FNDA:33792,_ZNSt3__1L4copyIPKcPcEET0_T_S5_S4_
FNDA:0,_ZNSt3__1L3maxIPcEERKT_S4_S4_
FNDA:1342,_ZNKSt3__124uniform_int_distributionIiE10param_type1aEv
FNDA:671,_ZNSt3__125__independent_bits_engineINS_23mersenne_twister_engineIjLm32ELm624ELm397ELm31ELj2567483615ELm11ELj4294967295ELm7ELj2636928640ELm15ELj4022730752ELm18ELj1812433253EEEjEC1ERS2_m
FNDA:0,_ZNKSt3__16__lessIPcS1_EclERKS1_S4_
FNDA:67584,_ZNSt3__1L13__unwrap_iterIPKcEET_S3_
FNDA:671,_ZNSt3__124uniform_int_distributionIiEclINS_23mersenne_twister_engineIjLm32ELm624ELm397ELm31ELj2567483615ELm11ELj4294967295ELm7ELj2636928640ELm15ELj4022730752ELm18ELj1812433253EEEEEiRT_RKNS1_10param_typeE
FNDA:56,_ZNSt3__1L6__copyIhhEENS_9enable_ifIXaasr7is_sameINS_12remove_constIT_E4typeET0_EE5valuesr28is_trivially_copy_assignableIS6_EE5valueEPS6_E4typeEPS3_SA_S7_
FNDA:671,_ZNSt3__125__independent_bits_engineINS_23mersenne_twister_engineIjLm32ELm624ELm397ELm31ELj2567483615ELm11ELj4294967295ELm7ELj2636928640ELm15ELj4022730752ELm18ELj1812433253EEEjEclEv
FNDA:33792,_ZNSt3__1L4sortIPcNS_6__lessIccEEEEvT_S4_T0_
FNDA:2323992,_ZNKSt3__16__lessIccEclERKcS3_
FNDA:671,_ZNSt3__124uniform_int_distributionIiE10param_typeC2Eii
FNDA:0,_ZNKSt3__16__lessIllEclERKlS3_
FNDA:1419396,_ZNSt3__113__lower_boundIRNS_6__lessIccEEPKccEET0_S6_S6_RKT1_T_
FNDA:671,_ZNSt3__124uniform_int_distributionIiEC2Eii
FNDA:0,_ZNKSt3__110__equal_toIccEclERKcS3_
FNDA:0,_ZNSt3__1L6fill_nIPN5boost2io6detail11format_itemIcNS_11char_traitsIcEENS_9allocatorIcEEEEmS9_EET_SB_T0_RKT1_
FNDA:671,_ZNSt3__124uniform_int_distributionIiEclINS_23mersenne_twister_engineIjLm32ELm624ELm397ELm31ELj2567483615ELm11ELj4294967295ELm7ELj2636928640ELm15ELj4022730752ELm18ELj1812433253EEEEEiRT_
FNDA:0,_ZNSt3__1L5equalINS_11__wrap_iterIPcEES3_NS_10__equal_toIccEEEEbT_S6_T0_T1_
FNDA:136356,_ZNSt3__1L3maxImEERKT_S3_S3_
FNDA:671,_ZNKSt3__124uniform_int_distributionIiE10param_type1bEv
FNDA:1419396,_ZNSt3__1L15__half_positiveIlEENS_9enable_ifIXsr11is_integralIT_EE5valueES2_E4typeES2_
FNDA:33792,_ZNSt3__1L6__copyIKccEENS_9enable_ifIXaasr7is_sameINS_12remove_constIT_E4typeET0_EE5valuesr28is_trivially_copy_assignableIS7_EE5valueEPS7_E4typeEPS4_SB_S8_
FNDA:0,_ZNSt3__1L3maxIlNS_6__lessIllEEEERKT_S5_S5_T0_
FNDA:137053,_ZNSt3__1L3minImEERKT_S3_S3_
FNDA:273409,_ZNKSt3__16__lessImmEclERKmS3_
FNDA:168,_ZNSt3__1L13__unwrap_iterIhEENS_9enable_ifIXsr28is_trivially_copy_assignableIT_EE5valueEPS2_E4typeENS_11__wrap_iterIS3_EE
FNDA:671,_ZNSt3__124uniform_int_distributionIiEC1Eii
FNDA:0,_ZNSt3__1L3minIlNS_6__lessIllEEEERKT_S5_S5_T0_
FNDA:33792,_ZNSt3__1L13__unwrap_iterIPcEET_S2_
FNDA:1419396,_ZNSt3__1L13binary_searchIPKccEEbT_S3_RKT0_
FNDA:0,_ZNSt3__1L3maxIlEERKT_S3_S3_
FNDA:0,_ZNSt3__1L3minIlEERKT_S3_S3_
FNDA:671,_ZNSt3__125__independent_bits_engineINS_23mersenne_twister_engineIjLm32ELm624ELm397ELm31ELj2567483615ELm11ELj4294967295ELm7ELj2636928640ELm15ELj4022730752ELm18ELj1812433253EEEjE6__evalENS_17integral_constantIbLb0EEE
FNDA:1419396,_ZNSt3__1L15__binary_searchIRNS_6__lessIccEEPKccEEbT0_S6_RKT1_T_
FNDA:0,_ZNSt3__1L3maxIPcNS_6__lessIS1_S1_EEEERKT_S6_S6_T0_
FNDA:671,_ZNSt3__124uniform_int_distributionIiE10param_typeC1Eii
FNDA:0,_ZNSt3__1L5equalINS_11__wrap_iterIPcEES3_EEbT_S4_T0_
FNDA:202752,_ZNSt3__1L7find_ifINS_11__wrap_iterIPcEEN5boost9algorithm6detail10is_any_ofFIcEEEET_S9_S9_T0_
FNDA:0,_ZNSt3__1L8__fill_nIPN5boost2io6detail11format_itemIcNS_11char_traitsIcEENS_9allocatorIcEEEEmS9_EET_SB_T0_RKT1_
FNDA:56,_ZNSt3__1L4copyINS_11__wrap_iterIPhEES3_EET0_T_S5_S4_
FNDA:33792,_ZNSt3__1L4sortIPcEEvT_S2_
FNF:46
FNH:33
DA:679,0
DA:716,2597401
DA:762,1419396
DA:764,1419396
DA:901,202752
DA:903,1486980
DA:904,1419396
DA:905,135168
DA:906,202752
DA:1216,0
DA:1218,0
DA:1219,0
DA:1220,0
DA:1221,0
DA:1222,0
DA:1227,0
DA:1231,0
DA:1583,101376
DA:1585,101376
DA:1609,168
DA:1611,168
DA:1648,33848
DA:1650,33848
DA:1651,33848
DA:1652,33848
DA:1653,33848
DA:1659,33848
DA:1661,33848
DA:1931,0
DA:1933,0
DA:1934,0
DA:1935,0
DA:1941,0
DA:1943,0
DA:2454,137053
DA:2456,137053
DA:2462,137053
DA:2464,137053
DA:2521,136356
DA:2523,136356
DA:2529,136356
DA:2531,136356
DA:2776,671
DA:2785,1342
DA:2786,671
DA:2787,671
DA:2788,671
DA:2789,671
DA:2790,671
DA:2792,671
DA:2797,671
DA:2799,0
DA:2800,0
DA:2801,0
DA:2802,0
DA:2804,0
DA:2805,0
DA:2806,671
DA:2807,671
DA:2808,671
DA:2810,0
DA:2811,671
DA:2813,671
DA:2814,671
DA:2816,1342
DA:2821,671
DA:2823,671
DA:2877,1342
DA:2879,1342
DA:2881,1342
DA:2882,671
DA:2895,1342
DA:2897,1342
DA:2902,671
DA:2903,671
DA:2927,671
DA:2932,671
DA:2933,671
DA:2934,0
DA:2935,671
DA:2937,671
DA:2938,0
DA:2939,671
DA:2940,671
DA:2941,0
DA:2942,671
DA:2944,671
DA:2946,671
DA:2947,671
DA:2948,671
DA:2949,671
DA:4010,33792
DA:4018,33792
DA:4020,33792
DA:4025,33792
DA:4027,33792
DA:4028,33792
DA:4093,1419396
DA:4096,1419396
DA:4097,2838792
DA:4099,1419396
DA:4100,1419396
DA:4101,1419396
DA:4102,1419396
DA:4104,514800
DA:4105,514800
DA:4106,514800
DA:4108,904596
DA:4110,1419396
DA:4238,1419396
DA:4240,1419396
DA:4241,1419396
DA:4247,1419396
DA:4255,1419396
DA:4262,1419396
DA:4264,1419396
LF:116
LH:91
end_of_record
TN:
SF:/Applications/Xcode.app/Contents/Developer/Toolchains/XcodeDefault.xctoolchain/usr/include/c++/v1/bit
FN:52,_ZNSt3__1L5__clzEj
FNDA:671,_ZNSt3__1L5__clzEj
FNF:1
FNH:1
DA:52,671
LF:1
LH:1
end_of_record
TN:
SF:/Applications/Xcode.app/Contents/Developer/Toolchains/XcodeDefault.xctoolchain/usr/include/c++/v1/bitset
FN:473,_ZNKSt3__18__bitsetILm1ELm8EE10__make_refEm
FN:515,_ZNSt3__18__bitsetILm1ELm8EEC2Ey
FN:682,_ZNSt3__16bitsetILm8EEC1Ey
FN:682,_ZNSt3__16bitsetILm8EEC2Ey
FN:717,_ZNKSt3__16bitsetILm8EEixEm
FN:952,_ZNKSt3__16bitsetILm8EE9to_stringIcNS_11char_traitsIcEENS_9allocatorIcEEEENS_12basic_stringIT_T0_T1_EES8_S8_
FN:967,_ZNKSt3__16bitsetILm8EE9to_stringIcNS_11char_traitsIcEEEENS_12basic_stringIT_T0_NS_9allocatorIS6_EEEES6_S6_
FNDA:0,_ZNSt3__16bitsetILm8EEC1Ey
FNDA:0,_ZNSt3__18__bitsetILm1ELm8EEC2Ey
FNDA:0,_ZNKSt3__16bitsetILm8EE9to_stringIcNS_11char_traitsIcEEEENS_12basic_stringIT_T0_NS_9allocatorIS6_EEEES6_S6_
FNDA:0,_ZNKSt3__16bitsetILm8EEixEm
FNDA:0,_ZNKSt3__18__bitsetILm1ELm8EE10__make_refEm
FNDA:0,_ZNKSt3__16bitsetILm8EE9to_stringIcNS_11char_traitsIcEENS_9allocatorIcEEEENS_12basic_stringIT_T0_T1_EES8_S8_
FNDA:0,_ZNSt3__16bitsetILm8EEC2Ey
FNF:7
FNH:0
DA:473,0
DA:474,0
DA:515,0
DA:516,0
DA:518,0
DA:521,0
DA:682,0
DA:717,0
DA:952,0
DA:954,0
DA:955,0
DA:957,0
DA:958,0
DA:959,0
DA:960,0
DA:961,0
DA:967,0
DA:969,0
LF:18
LH:0
end_of_record
TN:
SF:/Applications/Xcode.app/Contents/Developer/Toolchains/XcodeDefault.xctoolchain/usr/include/c++/v1/exception
FN:98,_ZNSt9exceptionC2ERKS_
FN:101,_ZNSt9exceptionC2Ev
FNDA:0,_ZNSt9exceptionC2Ev
FNDA:0,_ZNSt9exceptionC2ERKS_
FNF:2
FNH:0
DA:98,0
DA:101,0
LF:2
LH:0
end_of_record
TN:
SF:/Applications/Xcode.app/Contents/Developer/Toolchains/XcodeDefault.xctoolchain/usr/include/c++/v1/fstream
FN:289,_ZNSt3__113basic_filebufIcNS_11char_traitsIcEEEC1Ev
FN:289,_ZNSt3__113basic_filebufIcNS_11char_traitsIcEEEC2Ev
FN:393,_ZNSt3__113basic_filebufIcNS_11char_traitsIcEEED0Ev
FN:393,_ZNSt3__113basic_filebufIcNS_11char_traitsIcEEED2Ev
FN:393,_ZNSt3__113basic_filebufIcNS_11char_traitsIcEEED1Ev
FN:507,_ZNSt3__113basic_filebufIcNS_11char_traitsIcEEE15__make_mdstringEj
FN:549,_ZNSt3__113basic_filebufIcNS_11char_traitsIcEEE4openEPKcj
FN:684,_ZNSt3__113basic_filebufIcNS_11char_traitsIcEEE4openERKNS_12basic_stringIcS2_NS_9allocatorIcEEEEj
FN:692,_ZNSt3__113basic_filebufIcNS_11char_traitsIcEEE5closeEv
FN:712,_ZNSt3__113basic_filebufIcNS_11char_traitsIcEEE9underflowEv
FN:782,_ZNSt3__113basic_filebufIcNS_11char_traitsIcEEE9pbackfailEi
FN:804,_ZNSt3__113basic_filebufIcNS_11char_traitsIcEEE8overflowEi
FN:869,_ZNSt3__113basic_filebufIcNS_11char_traitsIcEEE6setbufEPcl
FN:922,_ZNSt3__113basic_filebufIcNS_11char_traitsIcEEE7seekoffExNS_8ios_base7seekdirEj
FN:962,_ZNSt3__113basic_filebufIcNS_11char_traitsIcEEE7seekposENS_4fposI11__mbstate_tEEj
FN:979,_ZNSt3__113basic_filebufIcNS_11char_traitsIcEEE4syncEv
FN:1048,_ZNSt3__113basic_filebufIcNS_11char_traitsIcEEE5imbueERKNS_6localeE
FN:1092,_ZNSt3__113basic_filebufIcNS_11char_traitsIcEEE11__read_modeEv
FN:1111,_ZNSt3__113basic_filebufIcNS_11char_traitsIcEEE12__write_modeEv
FN:1228,_ZNSt3__114basic_ifstreamIcNS_11char_traitsIcEEEC1ERKNS_12basic_stringIcS2_NS_9allocatorIcEEEEj
FNDA:132,_ZNSt3__113basic_filebufIcNS_11char_traitsIcEEEC2Ev
FNDA:132,_ZNSt3__113basic_filebufIcNS_11char_traitsIcEEE4syncEv
FNDA:0,_ZNSt3__113basic_filebufIcNS_11char_traitsIcEEE5imbueERKNS_6localeE
FNDA:0,_ZNSt3__113basic_filebufIcNS_11char_traitsIcEEE12__write_modeEv
FNDA:132,_ZNSt3__114basic_ifstreamIcNS_11char_traitsIcEEEC1ERKNS_12basic_stringIcS2_NS_9allocatorIcEEEEj
FNDA:0,_ZNSt3__113basic_filebufIcNS_11char_traitsIcEEE7seekposENS_4fposI11__mbstate_tEEj
FNDA:132,_ZNSt3__113basic_filebufIcNS_11char_traitsIcEEED2Ev
FNDA:132,_ZNSt3__113basic_filebufIcNS_11char_traitsIcEEE4openERKNS_12basic_stringIcS2_NS_9allocatorIcEEEEj
FNDA:0,_ZNSt3__113basic_filebufIcNS_11char_traitsIcEEE7seekoffExNS_8ios_base7seekdirEj
FNDA:132,_ZNSt3__113basic_filebufIcNS_11char_traitsIcEEE15__make_mdstringEj
FNDA:528,_ZNSt3__113basic_filebufIcNS_11char_traitsIcEEE9underflowEv
FNDA:0,_ZNSt3__113basic_filebufIcNS_11char_traitsIcEEED0Ev
FNDA:132,_ZNSt3__113basic_filebufIcNS_11char_traitsIcEEE5closeEv
FNDA:132,_ZNSt3__113basic_filebufIcNS_11char_traitsIcEEED1Ev
FNDA:0,_ZNSt3__113basic_filebufIcNS_11char_traitsIcEEE8overflowEi
FNDA:132,_ZNSt3__113basic_filebufIcNS_11char_traitsIcEEEC1Ev
FNDA:0,_ZNSt3__113basic_filebufIcNS_11char_traitsIcEEE9pbackfailEi
FNDA:264,_ZNSt3__113basic_filebufIcNS_11char_traitsIcEEE6setbufEPcl
FNDA:528,_ZNSt3__113basic_filebufIcNS_11char_traitsIcEEE11__read_modeEv
FNDA:132,_ZNSt3__113basic_filebufIcNS_11char_traitsIcEEE4openEPKcj
FNF:20
FNH:13
DA:214,132
DA:289,264
DA:290,132
DA:291,132
DA:292,132
DA:293,132
DA:294,132
DA:295,132
DA:296,132
DA:297,132
DA:298,132
DA:299,132
DA:300,132
DA:301,132
DA:302,132
DA:303,132
DA:304,132
DA:305,396
DA:306,132
DA:308,132
DA:309,132
DA:310,132
DA:311,132
DA:312,264
DA:393,264
DA:394,264
DA:399,132
DA:401,132
DA:404,0
DA:406,132
DA:407,0
DA:408,132
DA:409,0
DA:410,264
DA:507,132
DA:509,132
DA:512,0
DA:515,0
DA:517,132
DA:519,0
DA:521,0
DA:524,0
DA:527,0
DA:530,0
DA:532,0
DA:534,0
DA:536,0
DA:539,0
DA:541,0
DA:544,132
DA:549,132
DA:551,132
DA:552,132
DA:554,132
DA:555,132
DA:556,132
DA:557,132
DA:558,132
DA:559,132
DA:560,0
DA:561,0
DA:562,0
DA:563,0
DA:564,0
DA:565,0
DA:566,132
DA:567,0
DA:568,132
DA:569,132
DA:570,132
DA:684,132
DA:686,132
DA:692,132
DA:694,132
DA:695,132
DA:697,132
DA:698,132
DA:699,132
DA:700,0
DA:701,132
DA:702,132
DA:704,0
DA:705,132
DA:706,132
DA:707,132
DA:708,0
DA:712,528
DA:714,528
DA:715,0
DA:716,528
DA:718,528
DA:719,0
DA:720,528
DA:721,528
DA:722,528
DA:724,528
DA:725,528
DA:727,528
DA:728,528
DA:729,528
DA:731,792
DA:732,396
DA:733,396
DA:734,396
DA:735,396
DA:736,528
DA:740,0
DA:741,0
DA:742,0
DA:743,0
DA:744,0
DA:745,0
DA:747,0
DA:748,0
DA:749,0
DA:751,0
DA:752,0
DA:754,0
DA:756,0
DA:757,0
DA:758,0
DA:759,0
DA:761,0
DA:762,0
DA:763,0
DA:764,0
DA:765,0
DA:767,0
DA:768,0
DA:769,0
DA:770,0
DA:772,528
DA:774,0
DA:775,528
DA:776,0
DA:777,528
DA:778,528
DA:782,0
DA:784,0
DA:786,0
DA:788,0
DA:789,0
DA:791,0
DA:792,0
DA:794,0
DA:795,0
DA:796,0
DA:798,0
DA:799,0
DA:800,0
DA:804,0
DA:806,0
DA:807,0
DA:808,0
DA:810,0
DA:811,0
DA:812,0
DA:814,0
DA:815,0
DA:816,0
DA:817,0
DA:818,0
DA:819,0
DA:821,0
DA:823,0
DA:824,0
DA:825,0
DA:826,0
DA:829,0
DA:831,0
DA:833,0
DA:834,0
DA:837,0
DA:838,0
DA:839,0
DA:840,0
DA:841,0
DA:843,0
DA:844,0
DA:845,0
DA:846,0
DA:847,0
DA:849,0
DA:850,0
DA:851,0
DA:852,0
DA:854,0
DA:855,0
DA:856,0
DA:857,0
DA:859,0
DA:860,0
DA:862,0
DA:863,0
DA:864,0
DA:865,0
DA:869,264
DA:871,264
DA:872,264
DA:873,264
DA:874,132
DA:875,264
DA:876,0
DA:877,264
DA:878,264
DA:880,132
DA:882,0
DA:883,0
DA:884,0
DA:887,132
DA:888,132
DA:890,132
DA:893,132
DA:894,132
DA:895,132
DA:897,264
DA:899,0
DA:900,0
DA:902,0
DA:903,0
DA:904,0
DA:907,0
DA:908,0
DA:910,0
DA:913,264
DA:914,264
DA:915,264
DA:917,264
DA:922,0
DA:925,0
DA:926,0
DA:928,0
DA:929,0
DA:930,0
DA:933,0
DA:936,0
DA:937,0
DA:939,0
DA:940,0
DA:942,0
DA:943,0
DA:945,0
DA:952,0
DA:953,0
DA:954,0
DA:956,0
DA:957,0
DA:958,0
DA:962,0
DA:964,0
DA:965,0
DA:970,0
DA:971,0
DA:973,0
DA:974,0
DA:975,0
DA:979,132
DA:981,132
DA:982,0
DA:983,132
DA:984,0
DA:986,132
DA:988,0
DA:989,0
DA:990,0
DA:992,0
DA:995,0
DA:996,0
DA:997,0
DA:998,0
DA:999,0
DA:1000,0
DA:1001,0
DA:1002,0
DA:1003,0
DA:1004,0
DA:1005,132
DA:1008,132
DA:1009,132
DA:1010,132
DA:1011,132
DA:1014,0
DA:1015,0
DA:1016,0
DA:1017,0
DA:1020,0
DA:1022,0
DA:1023,0
DA:1024,0
DA:1025,0
DA:1026,0
DA:1027,0
DA:1034,132
DA:1035,0
DA:1037,132
DA:1038,0
DA:1039,132
DA:1040,132
DA:1041,132
DA:1042,132
DA:1043,132
DA:1044,132
DA:1048,0
DA:1050,0
DA:1051,0
DA:1052,0
DA:1053,0
DA:1054,0
DA:1056,0
DA:1057,0
DA:1059,0
DA:1061,0
DA:1062,0
DA:1063,0
DA:1064,0
DA:1065,0
DA:1066,0
DA:1067,0
DA:1068,0
DA:1069,0
DA:1072,0
DA:1074,0
DA:1075,0
DA:1076,0
DA:1077,0
DA:1078,0
DA:1079,0
DA:1082,0
DA:1083,0
DA:1084,0
DA:1087,0
DA:1088,0
DA:1092,528
DA:1094,528
DA:1096,132
DA:1097,132
DA:1098,264
DA:1099,132
DA:1100,132
DA:1102,0
DA:1103,132
DA:1104,132
DA:1106,396
DA:1107,528
DA:1111,0
DA:1113,0
DA:1115,0
DA:1116,0
DA:1118,0
DA:1119,0
DA:1120,0
DA:1122,0
DA:1123,0
DA:1125,0
DA:1126,0
DA:1127,0
DA:1128,0
DA:1153,132
DA:1228,132
DA:1229,132
DA:1230,264
DA:1231,132
DA:1232,0
DA:1233,132
LF:364
LH:137
end_of_record
TN:
SF:/Applications/Xcode.app/Contents/Developer/Toolchains/XcodeDefault.xctoolchain/usr/include/c++/v1/initializer_list
FN:85,_ZNKSt16initializer_listIhE4sizeEv
FN:89,_ZNKSt16initializer_listIhE5beginEv
FN:93,_ZNKSt16initializer_listIhE3endEv
FNDA:168,_ZNKSt16initializer_listIhE4sizeEv
FNDA:56,_ZNKSt16initializer_listIhE3endEv
FNDA:56,_ZNKSt16initializer_listIhE5beginEv
FNF:3
FNH:3
DA:85,168
DA:89,56
DA:93,56
LF:3
LH:3
end_of_record
TN:
SF:/Applications/Xcode.app/Contents/Developer/Toolchains/XcodeDefault.xctoolchain/usr/include/c++/v1/ios
FN:335,_ZNSt3__18ios_base18__setstate_nothrowEj
FN:345,_ZNSt3__18ios_baseC2Ev
FN:349,_ZNKSt3__18ios_base5rdbufEv
FN:459,_ZNKSt3__18ios_base5flagsEv
FN:466,_ZNSt3__18ios_base5flagsEj
FN:510,_ZNSt3__18ios_base9precisionEl
FN:521,_ZNKSt3__18ios_base5widthEv
FN:528,_ZNSt3__18ios_base5widthEl
FN:546,_ZNSt3__18ios_base8setstateEj
FN:567,_ZNKSt3__18ios_base4failEv
FN:581,_ZNKSt3__18ios_base10exceptionsEv
FN:588,_ZNSt3__18ios_base10exceptionsEj
FN:627,_ZNKSt3__19basic_iosIcNS_11char_traitsIcEEEcvbEv
FN:632,_ZNSt3__19basic_iosIcNS_11char_traitsIcEEE5clearEj
FN:633,_ZNSt3__19basic_iosIcNS_11char_traitsIcEEE8setstateEj
FN:636,_ZNKSt3__19basic_iosIcNS_11char_traitsIcEEE4failEv
FN:639,_ZNKSt3__19basic_iosIcNS_11char_traitsIcEEE10exceptionsEv
FN:640,_ZNSt3__19basic_iosIcNS_11char_traitsIcEEE10exceptionsEj
FN:675,_ZNSt3__19basic_iosIcNS_11char_traitsIcEEEC2Ev
FN:710,_ZNSt3__19basic_iosIcNS_11char_traitsIcEEE4initEPNS_15basic_streambufIcS2_EE
FN:738,_ZNKSt3__19basic_iosIcNS_11char_traitsIcEEE5rdbufEv
FN:756,_ZNSt3__19basic_iosIcNS_11char_traitsIcEEE5imbueERKNS_6localeE
FN:776,_ZNKSt3__19basic_iosIcNS_11char_traitsIcEEE5widenEc
FN:784,_ZNKSt3__19basic_iosIcNS_11char_traitsIcEEE4fillEv
FN:794,_ZNSt3__19basic_iosIcNS_11char_traitsIcEEE4fillEc
FNDA:36036,_ZNKSt3__19basic_iosIcNS_11char_traitsIcEEEcvbEv
FNDA:0,_ZNSt3__19basic_iosIcNS_11char_traitsIcEEE5clearEj
FNDA:0,_ZNSt3__18ios_base9precisionEl
FNDA:36168,_ZNKSt3__19basic_iosIcNS_11char_traitsIcEEE5widenEc
FNDA:0,_ZNKSt3__18ios_base10exceptionsEv
FNDA:0,_ZNSt3__19basic_iosIcNS_11char_traitsIcEEE5imbueERKNS_6localeE
FNDA:0,_ZNSt3__18ios_base5widthEl
FNDA:1461636,_ZNKSt3__18ios_base5rdbufEv
FNDA:0,_ZNSt3__18ios_base5flagsEj
FNDA:5844,_ZNSt3__19basic_iosIcNS_11char_traitsIcEEEC2Ev
FNDA:0,_ZNSt3__19basic_iosIcNS_11char_traitsIcEEE10exceptionsEj
FNDA:5844,_ZNSt3__19basic_iosIcNS_11char_traitsIcEEE4initEPNS_15basic_streambufIcS2_EE
FNDA:0,_ZNSt3__18ios_base18__setstate_nothrowEj
FNDA:36168,_ZNSt3__18ios_base8setstateEj
FNDA:36168,_ZNKSt3__19basic_iosIcNS_11char_traitsIcEEE4failEv
FNDA:1461636,_ZNKSt3__19basic_iosIcNS_11char_traitsIcEEE5rdbufEv
FNDA:36168,_ZNSt3__19basic_iosIcNS_11char_traitsIcEEE8setstateEj
FNDA:0,_ZNSt3__19basic_iosIcNS_11char_traitsIcEEE4fillEc
FNDA:36168,_ZNKSt3__18ios_base4failEv
FNDA:5844,_ZNSt3__18ios_baseC2Ev
FNDA:0,_ZNKSt3__18ios_base5widthEv
FNDA:0,_ZNSt3__18ios_base10exceptionsEj
FNDA:0,_ZNKSt3__19basic_iosIcNS_11char_traitsIcEEE10exceptionsEv
FNDA:0,_ZNKSt3__18ios_base5flagsEv
FNDA:0,_ZNKSt3__19basic_iosIcNS_11char_traitsIcEEE4fillEv
FNF:25
FNH:11
DA:335,0
DA:337,0
DA:338,0
DA:340,0
DA:341,0
DA:345,5844
DA:346,5844
DA:349,1461636
DA:459,0
DA:461,0
DA:466,0
DA:468,0
DA:469,0
DA:470,0
DA:510,0
DA:512,0
DA:513,0
DA:514,0
DA:521,0
DA:523,0
DA:528,0
DA:530,0
DA:531,0
DA:532,0
DA:546,36168
DA:548,36168
DA:549,36168
DA:567,36168
DA:569,36168
DA:581,0
DA:583,0
DA:588,0
DA:590,0
DA:591,0
DA:592,0
DA:627,36036
DA:632,0
DA:633,36168
DA:636,36168
DA:639,0
DA:640,0
DA:675,5844
DA:676,5844
DA:710,5844
DA:712,5844
DA:713,5844
DA:714,5844
DA:715,5844
DA:738,1461636
DA:740,1461636
DA:756,0
DA:758,0
DA:759,0
DA:760,0
DA:761,0
DA:762,0
DA:763,0
DA:776,36168
DA:778,36168
DA:779,0
DA:784,0
DA:786,0
DA:787,0
DA:788,0
DA:794,0
DA:796,0
DA:797,0
DA:798,0
LF:68
LH:22
end_of_record
TN:
SF:/Applications/Xcode.app/Contents/Developer/Toolchains/XcodeDefault.xctoolchain/usr/include/c++/v1/iosfwd
FN:131,_ZNSt3__115basic_stringbufIcNS_11char_traitsIcEENS_9allocatorIcEEED0Ev
FN:131,_ZNSt3__115basic_stringbufIcNS_11char_traitsIcEENS_9allocatorIcEEED1Ev
FN:131,_ZNSt3__115basic_stringbufIcNS_11char_traitsIcEENS_9allocatorIcEEED2Ev
FN:140,_ZNSt3__118basic_stringstreamIcNS_11char_traitsIcEENS_9allocatorIcEEED0Ev
FN:140,_ZNSt3__118basic_stringstreamIcNS_11char_traitsIcEENS_9allocatorIcEEED1Ev
FN:140,_ZNSt3__118basic_stringstreamIcNS_11char_traitsIcEENS_9allocatorIcEEED2Ev
FN:145,_ZNSt3__114basic_ifstreamIcNS_11char_traitsIcEEED0Ev
FN:145,_ZNSt3__114basic_ifstreamIcNS_11char_traitsIcEEED1Ev
FN:145,_ZNSt3__114basic_ifstreamIcNS_11char_traitsIcEEED2Ev
FNDA:132,_ZNSt3__114basic_ifstreamIcNS_11char_traitsIcEEED1Ev
FNDA:132,_ZNSt3__114basic_ifstreamIcNS_11char_traitsIcEEED2Ev
FNDA:0,_ZNSt3__118basic_stringstreamIcNS_11char_traitsIcEENS_9allocatorIcEEED1Ev
FNDA:0,_ZNSt3__115basic_stringbufIcNS_11char_traitsIcEENS_9allocatorIcEEED1Ev
FNDA:5712,_ZNSt3__115basic_stringbufIcNS_11char_traitsIcEENS_9allocatorIcEEED2Ev
FNDA:0,_ZNSt3__118basic_stringstreamIcNS_11char_traitsIcEENS_9allocatorIcEEED2Ev
FNDA:0,_ZNSt3__114basic_ifstreamIcNS_11char_traitsIcEEED0Ev
FNDA:0,_ZNSt3__115basic_stringbufIcNS_11char_traitsIcEENS_9allocatorIcEEED0Ev
FNDA:0,_ZNSt3__118basic_stringstreamIcNS_11char_traitsIcEENS_9allocatorIcEEED0Ev
FNF:9
FNH:3
DA:131,5712
DA:140,0
DA:145,264
LF:3
LH:2
end_of_record
TN:
SF:/Applications/Xcode.app/Contents/Developer/Toolchains/XcodeDefault.xctoolchain/usr/include/c++/v1/istream
FN:191,_ZNSt3__113basic_istreamIcNS_11char_traitsIcEEEC2EPNS_15basic_streambufIcS2_EE
FN:307,_ZNKSt3__113basic_istreamIcNS_11char_traitsIcEEE6sentrycvbEv
FN:1408,_ZNSt3__114basic_iostreamIcNS_11char_traitsIcEEEC2EPNS_15basic_streambufIcS2_EE
FN:1509,_ZNSt3__17getlineIcNS_11char_traitsIcEENS_9allocatorIcEEEERNS_13basic_istreamIT_T0_EES9_RNS_12basic_stringIS6_S7_T1_EES6_
FN:1563,_ZNSt3__1L7getlineIcNS_11char_traitsIcEENS_9allocatorIcEEEERNS_13basic_istreamIT_T0_EES9_RNS_12basic_stringIS6_S7_T1_EE
FNDA:132,_ZNSt3__113basic_istreamIcNS_11char_traitsIcEEEC2EPNS_15basic_streambufIcS2_EE
FNDA:36168,_ZNSt3__1L7getlineIcNS_11char_traitsIcEENS_9allocatorIcEEEERNS_13basic_istreamIT_T0_EES9_RNS_12basic_stringIS6_S7_T1_EE
FNDA:36168,_ZNKSt3__113basic_istreamIcNS_11char_traitsIcEEE6sentrycvbEv
FNDA:36168,_ZNSt3__17getlineIcNS_11char_traitsIcEENS_9allocatorIcEEEERNS_13basic_istreamIT_T0_EES9_RNS_12basic_stringIS6_S7_T1_EES6_
FNDA:0,_ZNSt3__114basic_iostreamIcNS_11char_traitsIcEEEC2EPNS_15basic_streambufIcS2_EE
FNF:5
FNH:4
DA:191,132
DA:192,264
DA:307,36168
DA:1408,0
DA:1409,0
DA:1410,0
DA:1509,36168
DA:1512,36168
DA:1513,36168
DA:1514,36168
DA:1520,36168
DA:1521,36168
DA:1522,1461636
DA:1524,1461636
DA:1525,1461636
DA:1527,132
DA:1528,132
DA:1530,1461504
DA:1531,1461504
DA:1532,1461504
DA:1533,36036
DA:1534,1425468
DA:1535,1425468
DA:1537,0
DA:1538,0
DA:1541,36168
DA:1542,132
DA:1544,36168
DA:1547,0
DA:1548,0
DA:1549,0
DA:1551,0
DA:1553,0
DA:1555,36168
DA:1556,36168
DA:1557,36168
DA:1558,0
DA:1563,36168
DA:1566,36168
LF:39
LH:28
end_of_record
TN:
SF:/Applications/Xcode.app/Contents/Developer/Toolchains/XcodeDefault.xctoolchain/usr/include/c++/v1/iterator
FN:572,_ZNSt3__1L9__advanceIPKcEEvRT_NS_15iterator_traitsIS3_E15difference_typeENS_26random_access_iterator_tagE
FN:580,_ZNSt3__1L7advanceIPKcEEvRT_NS_15iterator_traitsIS3_E15difference_typeE
FN:600,_ZNSt3__1L10__distanceINS_11__wrap_iterIPcEEEENS_15iterator_traitsIT_E15difference_typeES5_S5_NS_26random_access_iterator_tagE
FN:600,_ZNSt3__1L10__distanceIPcEENS_15iterator_traitsIT_E15difference_typeES3_S3_NS_26random_access_iterator_tagE
FN:600,_ZNSt3__1L10__distanceINS_14__bit_iteratorINS_6vectorIbNS_9allocatorIbEEEELb0ELm0EEEEENS_15iterator_traitsIT_E15difference_typeES8_S8_NS_26random_access_iterator_tagE
FN:600,_ZNSt3__1L10__distanceINS_11__wrap_iterIPKcEEEENS_15iterator_traitsIT_E15difference_typeES6_S6_NS_26random_access_iterator_tagE
FN:600,_ZNSt3__1L10__distanceIPKcEENS_15iterator_traitsIT_E15difference_typeES4_S4_NS_26random_access_iterator_tagE
FN:608,_ZNSt3__1L8distanceIPKcEENS_15iterator_traitsIT_E15difference_typeES4_S4_
FN:608,_ZNSt3__1L8distanceINS_11__wrap_iterIPcEEEENS_15iterator_traitsIT_E15difference_typeES5_S5_
FN:608,_ZNSt3__1L8distanceINS_11__wrap_iterIPKcEEEENS_15iterator_traitsIT_E15difference_typeES6_S6_
FN:608,_ZNSt3__1L8distanceIPcEENS_15iterator_traitsIT_E15difference_typeES3_S3_
FN:608,_ZNSt3__1L8distanceINS_14__bit_iteratorINS_6vectorIbNS_9allocatorIbEEEELb0ELm0EEEEENS_15iterator_traitsIT_E15difference_typeES8_S8_
FN:1067,_ZNSt3__119ostreambuf_iteratorIcNS_11char_traitsIcEEEC2ERNS_13basic_ostreamIcS2_EE
FN:1067,_ZNSt3__119ostreambuf_iteratorIcNS_11char_traitsIcEEEC1ERNS_13basic_ostreamIcS2_EE
FN:1080,_ZNKSt3__119ostreambuf_iteratorIcNS_11char_traitsIcEEE6failedEv
FN:1327,_ZNSt3__111__wrap_iterIPcEC1Ev
FN:1327,_ZNSt3__111__wrap_iterIPKcEC2Ev
FN:1327,_ZNSt3__111__wrap_iterIPcEC2Ev
FN:1327,_ZNSt3__111__wrap_iterIPKcEC1Ev
FN:1337,_ZNSt3__111__wrap_iterIPKcEC2IPcEERKNS0_IT_EEPNS_9enable_ifIXsr14is_convertibleIS6_S2_EE5valueEvE4typeE
FN:1337,_ZNSt3__111__wrap_iterIPKcEC1IPcEERKNS0_IT_EEPNS_9enable_ifIXsr14is_convertibleIS6_S2_EE5valueEvE4typeE
FN:1368,_ZNKSt3__111__wrap_iterIPKcEdeEv
FN:1368,_ZNKSt3__111__wrap_iterIPcEdeEv
FN:1384,_ZNSt3__111__wrap_iterIPKcEppEv
FN:1384,_ZNSt3__111__wrap_iterIPcEppEv
FN:1396,_ZNSt3__111__wrap_iterIPcEmmEv
FN:1407,_ZNKSt3__111__wrap_iterIPhEplEl
FN:1407,_ZNKSt3__111__wrap_iterIPKcEplEl
FN:1407,_ZNKSt3__111__wrap_iterIPcEplEl
FN:1409,_ZNSt3__111__wrap_iterIPhEpLEl
FN:1409,_ZNSt3__111__wrap_iterIPKcEpLEl
FN:1409,_ZNSt3__111__wrap_iterIPcEpLEl
FN:1431,_ZNKSt3__111__wrap_iterIPKcE4baseEv
FN:1431,_ZNKSt3__111__wrap_iterIPhE4baseEv
FN:1431,_ZNKSt3__111__wrap_iterIPcE4baseEv
FN:1440,_ZNSt3__111__wrap_iterIPcEC1ES1_
FN:1440,_ZNSt3__111__wrap_iterIPcEC2ES1_
FN:1440,_ZNSt3__111__wrap_iterIPhEC2ES1_
FN:1440,_ZNSt3__111__wrap_iterIPKcEC2ES2_
FN:1440,_ZNSt3__111__wrap_iterIPhEC1ES1_
FN:1440,_ZNSt3__111__wrap_iterIPKcEC1ES2_
FN:1525,_ZNSt3__1eqIPKcS2_EEbRKNS_11__wrap_iterIT_EERKNS3_IT0_EE
FN:1525,_ZNSt3__1eqIPcS1_EEbRKNS_11__wrap_iterIT_EERKNS2_IT0_EE
FN:1533,_ZNSt3__1ltIPKcS2_EEbRKNS_11__wrap_iterIT_EERKNS3_IT0_EE
FN:1577,_ZNSt3__1neIPKcEEbRKNS_11__wrap_iterIT_EES7_
FN:1577,_ZNSt3__1neIPcEEbRKNS_11__wrap_iterIT_EES6_
FN:1593,_ZNSt3__1geIPKcEEbRKNS_11__wrap_iterIT_EES7_
FN:1610,_ZNSt3__1miIPKcPcEEDTmicldtfp_4baseEcldtfp0_4baseEERKNS_11__wrap_iterIT_EERKNS5_IT0_EE
FN:1610,_ZNSt3__1miIPcS1_EEDTmicldtfp_4baseEcldtfp0_4baseEERKNS_11__wrap_iterIT_EERKNS3_IT0_EE
FN:1610,_ZNSt3__1miIPKcS2_EEDTmicldtfp_4baseEcldtfp0_4baseEERKNS_11__wrap_iterIT_EERKNS4_IT0_EE
FNDA:135168,_ZNKSt3__111__wrap_iterIPcEplEl
FNDA:3405600,_ZNSt3__1neIPcEEbRKNS_11__wrap_iterIT_EES6_
FNDA:1419396,_ZNSt3__1L7advanceIPKcEEvRT_NS_15iterator_traitsIS3_E15difference_typeE
FNDA:0,_ZNSt3__1L8distanceIPcEENS_15iterator_traitsIT_E15difference_typeES3_S3_
FNDA:0,_ZNSt3__111__wrap_iterIPKcEC1ES2_
FNDA:0,_ZNSt3__1L8distanceINS_14__bit_iteratorINS_6vectorIbNS_9allocatorIbEEEELb0ELm0EEEEENS_15iterator_traitsIT_E15difference_typeES8_S8_
FNDA:1419396,_ZNSt3__1L10__distanceIPKcEENS_15iterator_traitsIT_E15difference_typeES4_S4_NS_26random_access_iterator_tagE
FNDA:270336,_ZNSt3__111__wrap_iterIPKcEC1IPcEERKNS0_IT_EEPNS_9enable_ifIXsr14is_convertibleIS6_S2_EE5valueEvE4typeE
FNDA:0,_ZNSt3__1L8distanceINS_11__wrap_iterIPKcEEEENS_15iterator_traitsIT_E15difference_typeES6_S6_
FNDA:0,_ZNSt3__119ostreambuf_iteratorIcNS_11char_traitsIcEEEC1ERNS_13basic_ostreamIcS2_EE
FNDA:0,_ZNSt3__111__wrap_iterIPKcEC1Ev
FNDA:0,_ZNKSt3__111__wrap_iterIPKcEplEl
FNDA:3946272,_ZNSt3__1eqIPcS1_EEbRKNS_11__wrap_iterIT_EERKNS2_IT0_EE
FNDA:0,_ZNSt3__1L10__distanceINS_11__wrap_iterIPKcEEEENS_15iterator_traitsIT_E15difference_typeES6_S6_NS_26random_access_iterator_tagE
FNDA:135168,_ZNSt3__1miIPKcS2_EEDTmicldtfp_4baseEcldtfp0_4baseEERKNS_11__wrap_iterIT_EERKNS4_IT0_EE
FNDA:135168,_ZNSt3__111__wrap_iterIPcEpLEl
FNDA:1419396,_ZNSt3__1L9__advanceIPKcEEvRT_NS_15iterator_traitsIS3_E15difference_typeENS_26random_access_iterator_tagE
FNDA:0,_ZNKSt3__119ostreambuf_iteratorIcNS_11char_traitsIcEEE6failedEv
FNDA:3135264,_ZNKSt3__111__wrap_iterIPcEdeEv
FNDA:67584,_ZNSt3__111__wrap_iterIPcEmmEv
FNDA:135168,_ZNSt3__111__wrap_iterIPcEC2Ev
FNDA:0,_ZNSt3__1L10__distanceINS_14__bit_iteratorINS_6vectorIbNS_9allocatorIbEEEELb0ELm0EEEEENS_15iterator_traitsIT_E15difference_typeES8_S8_NS_26random_access_iterator_tagE
FNDA:8635968,_ZNKSt3__111__wrap_iterIPcE4baseEv
FNDA:224,_ZNSt3__111__wrap_iterIPhEC1ES1_
FNDA:168960,_ZNSt3__1miIPcS1_EEDTmicldtfp_4baseEcldtfp0_4baseEERKNS_11__wrap_iterIT_EERKNS3_IT0_EE
FNDA:0,_ZNSt3__111__wrap_iterIPKcEpLEl
FNDA:3067680,_ZNSt3__111__wrap_iterIPcEppEv
FNDA:168960,_ZNSt3__1L8distanceINS_11__wrap_iterIPcEEEENS_15iterator_traitsIT_E15difference_typeES5_S5_
FNDA:168960,_ZNSt3__1L10__distanceINS_11__wrap_iterIPcEEEENS_15iterator_traitsIT_E15difference_typeES5_S5_NS_26random_access_iterator_tagE
FNDA:0,_ZNKSt3__111__wrap_iterIPKcEdeEv
FNDA:0,_ZNSt3__1eqIPKcS2_EEbRKNS_11__wrap_iterIT_EERKNS3_IT0_EE
FNDA:0,_ZNSt3__1L10__distanceIPcEENS_15iterator_traitsIT_E15difference_typeES3_S3_NS_26random_access_iterator_tagE
FNDA:168,_ZNKSt3__111__wrap_iterIPhE4baseEv
FNDA:56,_ZNKSt3__111__wrap_iterIPhEplEl
FNDA:0,_ZNSt3__119ostreambuf_iteratorIcNS_11char_traitsIcEEEC2ERNS_13basic_ostreamIcS2_EE
FNDA:0,_ZNSt3__1neIPKcEEbRKNS_11__wrap_iterIT_EES7_
FNDA:0,_ZNSt3__111__wrap_iterIPKcEC2ES2_
FNDA:0,_ZNSt3__1ltIPKcS2_EEbRKNS_11__wrap_iterIT_EERKNS3_IT0_EE
FNDA:135168,_ZNSt3__1miIPKcPcEEDTmicldtfp_4baseEcldtfp0_4baseEERKNS_11__wrap_iterIT_EERKNS5_IT0_EE
FNDA:0,_ZNSt3__111__wrap_iterIPKcEC2Ev
FNDA:0,_ZNSt3__1geIPKcEEbRKNS_11__wrap_iterIT_EES7_
FNDA:224,_ZNSt3__111__wrap_iterIPhEC2ES1_
FNDA:0,_ZNSt3__111__wrap_iterIPKcEppEv
FNDA:135168,_ZNSt3__111__wrap_iterIPcEC1Ev
FNDA:405504,_ZNKSt3__111__wrap_iterIPKcE4baseEv
FNDA:56,_ZNSt3__111__wrap_iterIPhEpLEl
FNDA:270336,_ZNSt3__111__wrap_iterIPKcEC2IPcEERKNS0_IT_EEPNS_9enable_ifIXsr14is_convertibleIS6_S2_EE5valueEvE4typeE
FNDA:608256,_ZNSt3__111__wrap_iterIPcEC2ES1_
FNDA:608256,_ZNSt3__111__wrap_iterIPcEC1ES1_
FNDA:1419396,_ZNSt3__1L8distanceIPKcEENS_15iterator_traitsIT_E15difference_typeES4_S4_
FNF:50
FNH:29
DA:572,1419396
DA:575,1419396
DA:576,1419396
DA:580,1419396
DA:583,1419396
DA:584,1419396
DA:600,1588356
DA:602,1588356
DA:608,1588356
DA:610,1588356
DA:1067,0
DA:1068,0
DA:1080,0
DA:1327,270336
DA:1329,135168
DA:1331,135168
DA:1335,270336
DA:1337,540672
DA:1339,270336
DA:1340,270336
DA:1344,540672
DA:1368,3135264
DA:1374,3135264
DA:1384,3067680
DA:1390,3067680
DA:1391,3067680
DA:1396,67584
DA:1402,67584
DA:1403,67584
DA:1407,135224
DA:1408,135224
DA:1409,135224
DA:1415,135224
DA:1416,135224
DA:1431,9041640
DA:1440,1216960
DA:1525,3946272
DA:1527,3946272
DA:1533,0
DA:1539,0
DA:1577,3405600
DA:1579,3405600
DA:1593,0
DA:1595,0
DA:1610,439296
DA:1617,439296
LF:46
LH:39
end_of_record
TN:
SF:/Applications/Xcode.app/Contents/Developer/Toolchains/XcodeDefault.xctoolchain/usr/include/c++/v1/limits
FN:215,_ZNSt3__123__libcpp_numeric_limitsImLb1EE3maxEv
FN:215,_ZNSt3__123__libcpp_numeric_limitsIlLb1EE3maxEv
FN:215,_ZNSt3__123__libcpp_numeric_limitsIjLb1EE3maxEv
FN:452,_ZNSt3__114numeric_limitsImE3maxEv
FN:452,_ZNSt3__114numeric_limitsIlE3maxEv
FN:452,_ZNSt3__114numeric_limitsIjE3maxEv
FNDA:0,_ZNSt3__114numeric_limitsImE3maxEv
FNDA:0,_ZNSt3__123__libcpp_numeric_limitsImLb1EE3maxEv
FNDA:136657,_ZNSt3__114numeric_limitsIlE3maxEv
FNDA:136657,_ZNSt3__123__libcpp_numeric_limitsIlLb1EE3maxEv
FNDA:671,_ZNSt3__114numeric_limitsIjE3maxEv
FNDA:671,_ZNSt3__123__libcpp_numeric_limitsIjLb1EE3maxEv
FNF:6
FNH:4
DA:215,137328
DA:452,137328
LF:2
LH:2
end_of_record
TN:
SF:/Applications/Xcode.app/Contents/Developer/Toolchains/XcodeDefault.xctoolchain/usr/include/c++/v1/locale
FN:1383,_ZNSt3__116__pad_and_outputIcNS_11char_traitsIcEEEENS_19ostreambuf_iteratorIT_T0_EES6_PKS4_S8_S8_RNS_8ios_baseES4_
FNDA:0,_ZNSt3__116__pad_and_outputIcNS_11char_traitsIcEEEENS_19ostreambuf_iteratorIT_T0_EES6_PKS4_S8_S8_RNS_8ios_baseES4_
FNF:1
FNH:0
DA:1383,0
DA:1387,0
DA:1388,0
DA:1389,0
DA:1390,0
DA:1391,0
DA:1392,0
DA:1394,0
DA:1395,0
DA:1396,0
DA:1398,0
DA:1400,0
DA:1401,0
DA:1403,0
DA:1404,0
DA:1406,0
DA:1407,0
DA:1409,0
DA:1410,0
DA:1412,0
DA:1413,0
DA:1414,0
DA:1416,0
DA:1418,0
DA:1419,0
DA:1421,0
DA:1422,0
DA:1423,0
DA:1424,0
LF:29
LH:0
end_of_record
TN:
SF:/Applications/Xcode.app/Contents/Developer/Toolchains/XcodeDefault.xctoolchain/usr/include/c++/v1/map
FN:507,_ZNSt3__119__map_value_compareIPKN5boost6system14error_categoryENS_12__value_typeIS5_NS_10unique_ptrINS2_6detail12std_categoryENS_14default_deleteIS9_EEEEEENS8_12cat_ptr_lessELb1EEC1ESE_
FN:507,_ZNSt3__119__map_value_compareIPKN5boost6system14error_categoryENS_12__value_typeIS5_NS_10unique_ptrINS2_6detail12std_categoryENS_14default_deleteIS9_EEEEEENS8_12cat_ptr_lessELb1EEC2ESE_
FN:516,_ZNKSt3__119__map_value_compareIPKN5boost6system14error_categoryENS_12__value_typeIS5_NS_10unique_ptrINS2_6detail12std_categoryENS_14default_deleteIS9_EEEEEENS8_12cat_ptr_lessELb1EEclERKSD_RKS5_
FN:519,_ZNKSt3__119__map_value_compareIPKN5boost6system14error_categoryENS_12__value_typeIS5_NS_10unique_ptrINS2_6detail12std_categoryENS_14default_deleteIS9_EEEEEENS8_12cat_ptr_lessELb1EEclERKS5_RKSD_
FN:671,_ZNSt3__112__value_typeIPKN5boost6system14error_categoryENS_10unique_ptrINS2_6detail12std_categoryENS_14default_deleteIS8_EEEEE11__get_valueEv
FN:681,_ZNKSt3__112__value_typeIPKN5boost6system14error_categoryENS_10unique_ptrINS2_6detail12std_categoryENS_14default_deleteIS8_EEEEE11__get_valueEv
FN:795,_ZNSt3__114__map_iteratorINS_15__tree_iteratorINS_12__value_typeIPKN5boost6system14error_categoryENS_10unique_ptrINS4_6detail12std_categoryENS_14default_deleteISA_EEEEEEPNS_11__tree_nodeISE_PvEElEEEC1ESJ_
FN:795,_ZNSt3__114__map_iteratorINS_15__tree_iteratorINS_12__value_typeIPKN5boost6system14error_categoryENS_10unique_ptrINS4_6detail12std_categoryENS_14default_deleteISA_EEEEEEPNS_11__tree_nodeISE_PvEElEEEC2ESJ_
FN:800,_ZNKSt3__114__map_iteratorINS_15__tree_iteratorINS_12__value_typeIPKN5boost6system14error_categoryENS_10unique_ptrINS4_6detail12std_categoryENS_14default_deleteISA_EEEEEEPNS_11__tree_nodeISE_PvEElEEEptEv
FN:823,_ZNSt3__1eqERKNS_14__map_iteratorINS_15__tree_iteratorINS_12__value_typeIPKN5boost6system14error_categoryENS_10unique_ptrINS4_6detail12std_categoryENS_14default_deleteISA_EEEEEEPNS_11__tree_nodeISE_PvEElEEEESM_
FN:899,_ZNSt3__13mapIPKN5boost6system14error_categoryENS_10unique_ptrINS2_6detail12std_categoryENS_14default_deleteIS8_EEEENS7_12cat_ptr_lessENS_9allocatorINS_4pairIKS5_SB_EEEEED1Ev
FN:899,_ZNSt3__13mapIPKN5boost6system14error_categoryENS_10unique_ptrINS2_6detail12std_categoryENS_14default_deleteIS8_EEEENS7_12cat_ptr_lessENS_9allocatorINS_4pairIKS5_SB_EEEEED2Ev
FN:962,_ZNSt3__13mapIPKN5boost6system14error_categoryENS_10unique_ptrINS2_6detail12std_categoryENS_14default_deleteIS8_EEEENS7_12cat_ptr_lessENS_9allocatorINS_4pairIKS5_SB_EEEEEC2Ev
FN:962,_ZNSt3__13mapIPKN5boost6system14error_categoryENS_10unique_ptrINS2_6detail12std_categoryENS_14default_deleteIS8_EEEENS7_12cat_ptr_lessENS_9allocatorINS_4pairIKS5_SB_EEEEEC1Ev
FN:1094,_ZNSt3__13mapIPKN5boost6system14error_categoryENS_10unique_ptrINS2_6detail12std_categoryENS_14default_deleteIS8_EEEENS7_12cat_ptr_lessENS_9allocatorINS_4pairIKS5_SB_EEEEE3endEv
FN:1180,_ZNSt3__13mapIPKN5boost6system14error_categoryENS_10unique_ptrINS2_6detail12std_categoryENS_14default_deleteIS8_EEEENS7_12cat_ptr_lessENS_9allocatorINS_4pairIKS5_SB_EEEEE6insertEOSG_
FN:1375,_ZNSt3__13mapIPKN5boost6system14error_categoryENS_10unique_ptrINS2_6detail12std_categoryENS_14default_deleteIS8_EEEENS7_12cat_ptr_lessENS_9allocatorINS_4pairIKS5_SB_EEEEE4findERSF_
FNDA:0,_ZNSt3__114__map_iteratorINS_15__tree_iteratorINS_12__value_typeIPKN5boost6system14error_categoryENS_10unique_ptrINS4_6detail12std_categoryENS_14default_deleteISA_EEEEEEPNS_11__tree_nodeISE_PvEElEEEC2ESJ_
FNDA:0,_ZNSt3__13mapIPKN5boost6system14error_categoryENS_10unique_ptrINS2_6detail12std_categoryENS_14default_deleteIS8_EEEENS7_12cat_ptr_lessENS_9allocatorINS_4pairIKS5_SB_EEEEEC1Ev
FNDA:0,_ZNSt3__13mapIPKN5boost6system14error_categoryENS_10unique_ptrINS2_6detail12std_categoryENS_14default_deleteIS8_EEEENS7_12cat_ptr_lessENS_9allocatorINS_4pairIKS5_SB_EEEEE4findERSF_
FNDA:0,_ZNSt3__119__map_value_compareIPKN5boost6system14error_categoryENS_12__value_typeIS5_NS_10unique_ptrINS2_6detail12std_categoryENS_14default_deleteIS9_EEEEEENS8_12cat_ptr_lessELb1EEC2ESE_
FNDA:0,_ZNSt3__112__value_typeIPKN5boost6system14error_categoryENS_10unique_ptrINS2_6detail12std_categoryENS_14default_deleteIS8_EEEEE11__get_valueEv
FNDA:0,_ZNSt3__13mapIPKN5boost6system14error_categoryENS_10unique_ptrINS2_6detail12std_categoryENS_14default_deleteIS8_EEEENS7_12cat_ptr_lessENS_9allocatorINS_4pairIKS5_SB_EEEEED2Ev
FNDA:0,_ZNSt3__119__map_value_compareIPKN5boost6system14error_categoryENS_12__value_typeIS5_NS_10unique_ptrINS2_6detail12std_categoryENS_14default_deleteIS9_EEEEEENS8_12cat_ptr_lessELb1EEC1ESE_
FNDA:0,_ZNKSt3__114__map_iteratorINS_15__tree_iteratorINS_12__value_typeIPKN5boost6system14error_categoryENS_10unique_ptrINS4_6detail12std_categoryENS_14default_deleteISA_EEEEEEPNS_11__tree_nodeISE_PvEElEEEptEv
FNDA:0,_ZNSt3__13mapIPKN5boost6system14error_categoryENS_10unique_ptrINS2_6detail12std_categoryENS_14default_deleteIS8_EEEENS7_12cat_ptr_lessENS_9allocatorINS_4pairIKS5_SB_EEEEEC2Ev
FNDA:0,_ZNSt3__114__map_iteratorINS_15__tree_iteratorINS_12__value_typeIPKN5boost6system14error_categoryENS_10unique_ptrINS4_6detail12std_categoryENS_14default_deleteISA_EEEEEEPNS_11__tree_nodeISE_PvEElEEEC1ESJ_
FNDA:0,_ZNSt3__13mapIPKN5boost6system14error_categoryENS_10unique_ptrINS2_6detail12std_categoryENS_14default_deleteIS8_EEEENS7_12cat_ptr_lessENS_9allocatorINS_4pairIKS5_SB_EEEEED1Ev
FNDA:0,_ZNKSt3__112__value_typeIPKN5boost6system14error_categoryENS_10unique_ptrINS2_6detail12std_categoryENS_14default_deleteIS8_EEEEE11__get_valueEv
FNDA:0,_ZNKSt3__119__map_value_compareIPKN5boost6system14error_categoryENS_12__value_typeIS5_NS_10unique_ptrINS2_6detail12std_categoryENS_14default_deleteIS9_EEEEEENS8_12cat_ptr_lessELb1EEclERKS5_RKSD_
FNDA:0,_ZNSt3__13mapIPKN5boost6system14error_categoryENS_10unique_ptrINS2_6detail12std_categoryENS_14default_deleteIS8_EEEENS7_12cat_ptr_lessENS_9allocatorINS_4pairIKS5_SB_EEEEE6insertEOSG_
[...]
FN:93,_ZNK3$_4clEv
FN:93,opcode_0xe4_cpo_impl
FN:93,_ZL19opcode_0xe4_cpo_jmpv
FN:93,__cxx_global_var_init.32
FN:119,_ZL23opcode_0xe5_push_hl_jmpv
FN:119,opcode_0xe5_push_hl_impl
FN:119,__cxx_global_var_init.40
FN:119,_ZNK3$_5clEv
FN:135,_ZNK3$_6clEv
FN:135,_ZL19opcode_0xe6_ani_jmpv
FN:135,opcode_0xe6_ani_impl
FN:135,__cxx_global_var_init.45
FN:149,__cxx_global_var_init.53
FN:149,_ZNK3$_7clEv
FN:149,_ZL21opcode_0xe7_rst_4_jmpv
FN:149,opcode_0xe7_rst_4_impl
FN:163,_ZL19opcode_0xe8_rpe_jmpv
FN:163,opcode_0xe8_rpe_impl
FN:163,_ZNK3$_8clEv
FN:163,__cxx_global_var_init.58
FN:185,opcode_0xe9_pchl_impl
FN:185,_ZNK3$_9clEv
FN:185,_ZL20opcode_0xe9_pchl_jmpv
FN:185,__cxx_global_var_init.61
FN:195,__cxx_global_var_init.64
FN:195,_ZL19opcode_0xea_jpe_jmpv
FN:195,_ZNK4$_10clEv
FN:195,opcode_0xea_jpe_impl
FN:210,__cxx_global_var_init.67
FN:210,_ZL20opcode_0xeb_xchg_jmpv
FN:210,_ZNK4$_11clEv
FN:210,opcode_0xeb_xchg_impl
FN:228,__cxx_global_var_init.73
FN:228,_ZL19opcode_0xec_cpe_jmpv
FN:228,opcode_0xec_cpe_impl
FN:228,_ZNK4$_12clEv
FN:254,__cxx_global_var_init.76
FN:254,_ZL20opcode_0xed_call_jmpv
FN:254,opcode_0xed_call_impl
FN:254,_ZNK4$_13clEv
FN:272,_ZNK4$_14clEv
FN:272,opcode_0xee_xri_impl
FN:272,__cxx_global_var_init.81
FN:272,_ZL19opcode_0xee_xri_jmpv
FN:287,opcode_0xef_rst_5_impl
FN:287,_ZL21opcode_0xef_rst_5_jmpv
FN:287,__cxx_global_var_init.83
FN:287,_ZNK4$_15clEv
FNDA:136,__cxx_global_var_init.67
FNDA:136,__cxx_global_var_init.73
FNDA:1,opcode_0xe9_pchl_impl
FNDA:136,_ZNK3$_6clEv
FNDA:136,__cxx_global_var_init.53
FNDA:1,_ZL20opcode_0xed_call_jmpv
FNDA:136,_ZNK3$_4clEv
FNDA:1,opcode_0xe0_rpo_impl
FNDA:1,opcode_0xed_call_impl
FNDA:1,_ZL21opcode_0xef_rst_5_jmpv
FNDA:1,_ZL19opcode_0xe2_jpo_jmpv
FNDA:1,_ZL19opcode_0xe8_rpe_jmpv
FNDA:136,_ZNK3$_1clEv
FNDA:136,__cxx_global_var_init.76
FNDA:1,opcode_0xef_rst_5_impl
FNDA:1,_ZL19opcode_0xe0_rpo_jmpv
FNDA:1,_ZL20opcode_0xeb_xchg_jmpv
FNDA:136,__cxx_global_var_init.40
FNDA:136,__cxx_global_var_init.6
FNDA:136,_ZNK3$_5clEv
FNDA:16,_Z14test_0xex_finiv
FNDA:1,_ZL22opcode_0xe1_pop_hl_jmpv
FNDA:136,__cxx_global_var_init.15
FNDA:1,opcode_0xe1_pop_hl_impl
FNDA:136,_ZNK4$_15clEv
FNDA:1,opcode_0xe5_push_hl_impl
FNDA:1,_ZL19opcode_0xec_cpe_jmpv
FNDA:136,__cxx_global_var_init.64
FNDA:1,opcode_0xec_cpe_impl
FNDA:1,opcode_0xe8_rpe_impl
FNDA:1,_ZL23opcode_0xe5_push_hl_jmpv
FNDA:136,_ZNK3$_8clEv
FNDA:136,_ZNK3$_9clEv
FNDA:136,_ZNK4$_14clEv
FNDA:1,opcode_0xe3_xthl_impl
FNDA:136,__cxx_global_var_init.83
FNDA:136,_ZNK3$_2clEv
FNDA:1,opcode_0xe4_cpo_impl
FNDA:1,opcode_0xee_xri_impl
FNDA:136,__cxx_global_var_init.81
FNDA:1,_ZL19opcode_0xe4_cpo_jmpv
FNDA:16,_Z14test_0xex_initv
FNDA:1,_ZL19opcode_0xee_xri_jmpv
FNDA:136,__cxx_global_var_init.20
FNDA:136,_ZNK3$_7clEv
FNDA:1,_ZL21opcode_0xe7_rst_4_jmpv
FNDA:136,_ZNK4$_11clEv
FNDA:1,_ZL20opcode_0xe9_pchl_jmpv
FNDA:1,opcode_0xe2_jpo_impl
FNDA:1,opcode_0xeb_xchg_impl
FNDA:1,opcode_0xe7_rst_4_impl
FNDA:136,_ZNK4$_13clEv
FNDA:1,_ZL19opcode_0xea_jpe_jmpv
FNDA:136,_ZNK3$_0clEv
FNDA:136,__cxx_global_var_init.25
FNDA:1,_ZL20opcode_0xe3_xthl_jmpv
FNDA:136,_ZNK4$_12clEv
FNDA:136,__cxx_global_var_init.45
FNDA:1,opcode_0xea_jpe_impl
FNDA:136,__cxx_global_var_init.32
FNDA:136,__cxx_global_var_init.58
FNDA:1,_ZL19opcode_0xe6_ani_jmpv
FNDA:136,__cxx_global_var_init.61
FNDA:136,_ZNK4$_10clEv
FNDA:136,_ZNK3$_3clEv
FNDA:1,opcode_0xe6_ani_impl
FNF:66
FNH:66
DA:9,16
DA:11,16
DA:13,16
DA:14,16
DA:15,16
DA:16,16
DA:17,16
DA:19,16
DA:21,16
DA:22,16
DA:24,274
DA:26,1
DA:27,1
DA:28,1
DA:30,1
DA:31,1
DA:33,1
DA:35,0
DA:36,0
DA:37,0
DA:40,1
DA:41,1
DA:43,1
DA:45,274
DA:47,1
DA:48,1
DA:49,1
DA:50,1
DA:51,1
DA:52,1
DA:53,1
DA:55,1
DA:56,1
DA:57,1
DA:58,1
DA:59,1
DA:61,274
DA:63,1
DA:64,1
DA:66,1
DA:68,1
DA:69,1
DA:72,0
DA:74,1
DA:76,274
DA:78,1
DA:79,1
DA:80,1
DA:81,1
DA:82,1
DA:83,1
DA:84,1
DA:86,1
DA:87,1
DA:88,1
DA:89,1
DA:90,1
DA:91,1
DA:93,274
DA:95,1
DA:97,1
DA:103,1
DA:105,1
DA:107,0
DA:108,0
DA:109,0
DA:110,0
DA:113,1
DA:114,1
DA:115,1
DA:117,1
DA:119,274
DA:121,1
DA:122,1
DA:123,1
DA:124,1
DA:125,1
DA:126,1
DA:127,1
DA:129,1
DA:130,1
DA:131,1
DA:132,1
DA:133,1
DA:135,274
DA:137,1
DA:138,1
DA:139,1
DA:140,1
DA:142,1
DA:143,1
DA:144,1
DA:145,1
DA:146,1
DA:147,1
DA:149,274
DA:151,1
DA:152,1
DA:153,1
DA:154,1
DA:156,1
DA:157,1
DA:158,1
DA:159,1
DA:160,1
DA:161,1
DA:163,274
DA:165,1
DA:166,1
DA:167,1
DA:169,1
DA:170,1
DA:172,1
DA:174,0
DA:175,0
DA:176,0
DA:179,1
DA:180,1
DA:182,1
DA:185,274
DA:187,1
DA:188,1
DA:189,1
DA:190,1
DA:191,1
DA:192,1
DA:193,1
DA:195,274
DA:197,1
DA:198,1
DA:200,1
DA:202,0
DA:203,0
DA:206,1
DA:208,1
DA:210,274
DA:212,1
DA:213,1
DA:214,1
DA:215,1
DA:216,1
DA:217,1
DA:218,1
DA:219,1
DA:221,1
DA:222,1
DA:223,1
DA:224,1
DA:225,1
DA:226,1
DA:228,274
DA:230,1
DA:232,1
DA:238,1
DA:240,1
DA:242,1
DA:243,1
DA:244,1
DA:245,1
DA:248,0
DA:249,0
DA:250,0
DA:252,1
DA:254,274
DA:256,1
DA:258,1
DA:264,1
DA:266,1
DA:267,1
DA:268,1
DA:269,1
DA:270,1
DA:272,274
DA:274,1
DA:275,1
DA:276,1
DA:277,1
DA:279,1
DA:280,1
DA:282,1
DA:283,1
DA:284,1
DA:285,1
DA:287,274
DA:289,1
DA:290,1
DA:291,1
DA:292,1
DA:294,1
DA:295,1
DA:296,1
DA:297,1
DA:298,1
DA:299,1
LF:194
LH:178
end_of_record
TN:
SF:/Users/sens/dev/intel8080/tests/src/test_opcodes_0xfx.cc
FN:9,_Z14test_0xfx_initv
FN:19,_Z14test_0xfx_finiv
FN:24,_ZL18opcode_0xe0_rp_jmpv
FN:24,__cxx_global_var_init.6
FN:24,opcode_0xe0_rp_impl
FN:24,_ZNK3$_0clEv
FN:45,opcode_0xf1_pop_psw_impl
FN:45,_ZL23opcode_0xf1_pop_psw_jmpv
FN:45,__cxx_global_var_init.15
FN:45,_ZNK3$_1clEv
FN:61,_ZL18opcode_0xf2_jp_jmpv
FN:61,__cxx_global_var_init.20
FN:61,_ZNK3$_2clEv
FN:61,opcode_0xf2_jp_impl
FN:82,_ZNK3$_3clEv
FN:82,_ZL18opcode_0xf4_cp_jmpv
FN:82,opcode_0xf4_cp_impl
FN:82,__cxx_global_var_init.25
FN:108,__cxx_global_var_init.33
FN:108,_ZL24opcode_0xf5_push_psw_jmpv
FN:108,opcode_0xf5_push_psw_impl
FN:108,_ZNK3$_4clEv
FN:124,opcode_0xf6_ori_impl
FN:124,_ZNK3$_5clEv
FN:124,_ZL19opcode_0xf6_ori_jmpv
FN:124,__cxx_global_var_init.38
FN:138,opcode_0xf7_rst_6_impl
FN:138,_ZL21opcode_0xf7_rst_6_jmpv
FN:138,__cxx_global_var_init.46
FN:138,_ZNK3$_6clEv
FN:152,_ZL18opcode_0xf8_rm_jmpv
FN:152,_ZNK3$_7clEv
FN:152,__cxx_global_var_init.51
FN:152,opcode_0xf8_rm_impl
FN:174,_ZNK3$_8clEv
FN:174,__cxx_global_var_init.54
FN:174,opcode_0xf9_sphl_impl
FN:174,_ZL20opcode_0xf9_sphl_jmpv
FN:185,_ZNK3$_9clEv
FN:185,opcode_0xfa_jm_impl
FN:185,_ZL18opcode_0xfa_jm_jmpv
FN:185,__cxx_global_var_init.57
FN:206,_ZNK4$_10clEv
FN:206,__cxx_global_var_init.60
FN:206,opcode_0xfc_cm_impl
FN:206,_ZL18opcode_0xfc_cm_jmpv
FN:232,_ZL20opcode_0xfd_call_jmpv
FN:232,opcode_0xfd_call_impl
FN:232,__cxx_global_var_init.63
FN:232,_ZNK4$_11clEv
FN:250,_ZL19opcode_0xfe_cpi_jmpv
FN:250,opcode_0xfe_cpi_impl
FN:250,_ZNK4$_12clEv
FN:250,__cxx_global_var_init.68
FN:265,_ZL21opcode_0xff_rst_7_jmpv
FN:265,__cxx_global_var_init.71
FN:265,opcode_0xff_rst_7_impl
FN:265,_ZNK4$_13clEv
FNDA:136,__cxx_global_var_init.51
FNDA:136,_ZNK4$_11clEv
FNDA:1,_ZL19opcode_0xf6_ori_jmpv
FNDA:1,_ZL18opcode_0xf8_rm_jmpv
FNDA:136,__cxx_global_var_init.20
FNDA:136,_ZNK3$_7clEv
FNDA:1,opcode_0xfa_jm_impl
FNDA:136,_ZNK3$_1clEv
FNDA:1,opcode_0xfc_cm_impl
FNDA:1,opcode_0xf8_rm_impl
FNDA:136,__cxx_global_var_init.38
FNDA:136,_ZNK4$_13clEv
FNDA:1,opcode_0xf9_sphl_impl
FNDA:136,_ZNK3$_0clEv
FNDA:136,__cxx_global_var_init.25
FNDA:136,__cxx_global_var_init.46
FNDA:1,opcode_0xff_rst_7_impl
FNDA:1,opcode_0xe0_rp_impl
FNDA:1,_ZL18opcode_0xfa_jm_jmpv
FNDA:136,_ZNK3$_2clEv
FNDA:14,_Z14test_0xfx_finiv
FNDA:136,_ZNK3$_4clEv
FNDA:1,_ZL18opcode_0xfc_cm_jmpv
FNDA:1,opcode_0xf2_jp_impl
FNDA:136,__cxx_global_var_init.57
FNDA:1,_ZL20opcode_0xf9_sphl_jmpv
FNDA:136,_ZNK3$_6clEv
FNDA:1,_ZL20opcode_0xfd_call_jmpv
FNDA:1,opcode_0xf1_pop_psw_impl
FNDA:136,__cxx_global_var_init.33
FNDA:1,opcode_0xf7_rst_6_impl
FNDA:1,_ZL18opcode_0xe0_rp_jmpv
FNDA:1,opcode_0xfe_cpi_impl
FNDA:136,__cxx_global_var_init.63
FNDA:1,_ZL18opcode_0xf4_cp_jmpv
FNDA:1,opcode_0xf4_cp_impl
FNDA:1,_ZL18opcode_0xf2_jp_jmpv
FNDA:1,_ZL23opcode_0xf1_pop_psw_jmpv
FNDA:136,_ZNK3$_8clEv
FNDA:136,_ZNK4$_10clEv
FNDA:136,_ZNK3$_9clEv
FNDA:1,_ZL21opcode_0xff_rst_7_jmpv
FNDA:136,_ZNK3$_3clEv
FNDA:1,_ZL19opcode_0xfe_cpi_jmpv
FNDA:14,_Z14test_0xfx_initv
FNDA:1,opcode_0xfd_call_impl
FNDA:1,_ZL21opcode_0xf7_rst_6_jmpv
FNDA:136,__cxx_global_var_init.60
FNDA:136,__cxx_global_var_init.6
FNDA:1,opcode_0xf5_push_psw_impl
FNDA:136,_ZNK4$_12clEv
FNDA:1,opcode_0xf6_ori_impl
FNDA:1,_ZL24opcode_0xf5_push_psw_jmpv
FNDA:136,__cxx_global_var_init.68
FNDA:136,__cxx_global_var_init.54
FNDA:136,__cxx_global_var_init.71
FNDA:136,_ZNK3$_5clEv
FNDA:136,__cxx_global_var_init.15
FNF:58
FNH:58
DA:9,14
DA:11,14
DA:13,14
DA:14,14
DA:15,14
DA:16,14
DA:17,14
DA:19,14
DA:21,14
DA:22,14
DA:24,274
DA:26,1
DA:27,1
DA:28,1
DA:30,1
DA:31,1
DA:33,1
DA:35,1
DA:36,1
DA:37,1
DA:40,0
DA:41,0
DA:43,1
DA:45,274
DA:47,1
DA:48,1
DA:49,1
DA:50,1
DA:51,1
DA:52,1
DA:53,1
DA:55,1
DA:56,1
DA:57,1
DA:58,1
DA:59,1
DA:61,274
DA:63,1
DA:64,1
DA:66,1
DA:68,0
DA:69,0
DA:72,1
DA:74,1
DA:82,274
DA:84,1
DA:86,1
DA:92,1
DA:94,1
DA:96,1
DA:97,1
DA:98,1
DA:99,1
DA:102,0
DA:103,0
DA:104,0
DA:106,1
DA:108,274
DA:110,1
DA:111,1
DA:112,1
DA:113,1
DA:114,1
DA:115,1
DA:116,1
DA:118,1
DA:119,1
DA:120,1
DA:121,1
DA:122,1
DA:124,274
DA:126,1
DA:127,1
DA:128,1
DA:129,1
DA:131,1
DA:132,1
DA:133,1
DA:134,1
DA:135,1
DA:136,1
DA:138,274
DA:140,1
DA:141,1
DA:142,1
DA:143,1
DA:145,1
DA:146,1
DA:147,1
DA:148,1
DA:149,1
DA:150,1
DA:152,274
DA:154,1
DA:155,1
DA:156,1
DA:158,1
DA:159,1
DA:161,1
DA:163,1
DA:164,1
DA:165,1
DA:168,0
DA:169,0
DA:171,1
DA:174,274
DA:176,1
DA:177,1
DA:178,1
DA:179,1
DA:181,1
DA:182,1
DA:183,1
DA:185,274
DA:187,1
DA:188,1
DA:190,1
DA:192,1
DA:193,1
DA:196,0
DA:198,1
DA:206,274
DA:208,1
DA:210,1
DA:216,1
DA:218,1
DA:220,0
DA:221,0
DA:222,0
DA:223,0
DA:226,1
DA:227,1
DA:228,1
DA:230,1
DA:232,274
DA:234,1
DA:236,1
DA:242,1
DA:244,1
DA:245,1
DA:246,1
DA:247,1
DA:248,1
DA:250,274
DA:252,1
DA:253,1
DA:254,1
DA:255,1
DA:257,1
DA:258,1
DA:260,1
DA:261,1
DA:262,1
DA:263,1
DA:265,274
DA:267,1
DA:268,1
DA:269,1
DA:270,1
DA:272,1
DA:273,1
DA:274,1
DA:275,1
DA:276,1
DA:277,1
LF:165
LH:151
end_of_record
TN:
SF:/Users/sens/dev/intel8080/tests/src/test_opcodes_add.cc
FN:8,_Z13test_add_initv
FN:22,_Z13test_add_finiv
FN:27,_ZNK3$_0clEv
FN:27,_ZL14opcode_add_jmpv
FN:27,opcode_add_impl
FN:27,__cxx_global_var_init.6
FN:90,opcode_adc_impl
FN:90,_ZL14opcode_adc_jmpv
FN:90,_ZNK3$_1clEv
FN:90,__cxx_global_var_init.18
FNDA:2,_Z13test_add_initv
FNDA:136,__cxx_global_var_init.6
FNDA:136,_ZNK3$_1clEv
FNDA:136,__cxx_global_var_init.18
FNDA:136,_ZNK3$_0clEv
FNDA:1,_ZL14opcode_add_jmpv
FNDA:1,opcode_add_impl
FNDA:2,_Z13test_add_finiv
FNDA:1,opcode_adc_impl
FNDA:1,_ZL14opcode_adc_jmpv
FNF:10
FNH:10
DA:8,2
DA:10,2
DA:11,2
DA:12,2
DA:13,2
DA:14,2
DA:15,2
DA:16,2
DA:17,2
DA:18,2
DA:19,2
DA:20,2
DA:22,2
DA:24,2
DA:25,2
DA:27,274
DA:31,1
DA:32,1
DA:33,1
DA:34,1
DA:35,1
DA:36,1
DA:38,1
DA:39,1
DA:40,1
DA:41,1
DA:42,1
DA:43,1
DA:45,1
DA:46,1
DA:47,1
DA:48,1
DA:49,1
DA:50,1
DA:52,1
DA:53,1
DA:54,1
DA:55,1
DA:56,1
DA:57,1
DA:59,1
DA:60,1
DA:61,1
DA:62,1
DA:63,1
DA:64,1
DA:66,1
DA:67,1
DA:68,1
DA:69,1
DA:70,1
DA:71,1
DA:73,1
DA:74,1
DA:75,1
DA:76,1
DA:77,1
DA:78,1
DA:79,1
DA:80,1
DA:81,1
DA:83,1
DA:84,1
DA:85,1
DA:86,1
DA:87,1
DA:88,1
DA:90,274
DA:94,1
DA:95,1
DA:96,1
DA:97,1
DA:98,1
DA:99,1
DA:100,1
DA:101,1
DA:103,1
DA:104,1
DA:105,1
DA:106,1
DA:107,1
DA:108,1
DA:109,1
DA:110,1
DA:112,1
DA:113,1
DA:114,1
DA:115,1
DA:116,1
DA:117,1
DA:118,1
DA:119,1
DA:121,1
DA:122,1
DA:123,1
DA:124,1
DA:125,1
DA:126,1
DA:127,1
DA:128,1
DA:130,1
DA:131,1
DA:132,1
DA:133,1
DA:134,1
DA:135,1
DA:136,1
DA:137,1
DA:139,1
DA:140,1
DA:141,1
DA:142,1
DA:143,1
DA:144,1
DA:145,1
DA:146,1
DA:148,1
DA:149,1
DA:150,1
DA:151,1
DA:152,1
DA:153,1
DA:154,1
DA:155,1
DA:156,1
DA:157,1
DA:158,1
DA:160,1
DA:161,1
DA:162,1
DA:163,1
DA:164,1
DA:165,1
DA:166,1
DA:167,1
LF:135
LH:135
end_of_record
TN:
SF:/Users/sens/dev/intel8080/tests/src/test_opcodes_bitwise.cc
FN:8,_Z17test_bitwise_initv
FN:22,_Z17test_bitwise_finiv
FN:27,_ZNK3$_0clEv
FN:27,opcode_and_impl
FN:27,_ZL14opcode_and_jmpv
FN:27,__cxx_global_var_init.6
FN:90,__cxx_global_var_init.17
FN:90,_ZL14opcode_xri_jmpv
FN:90,_ZNK3$_1clEv
FN:90,opcode_xri_impl
FN:153,opcode_ora_impl
FN:153,_ZL14opcode_ora_jmpv
FN:153,_ZNK3$_2clEv
FN:153,__cxx_global_var_init.19
FNDA:136,_ZNK3$_2clEv
FNDA:136,__cxx_global_var_init.19
FNDA:136,_ZNK3$_1clEv
FNDA:1,_ZL14opcode_ora_jmpv
FNDA:1,opcode_xri_impl
FNDA:136,__cxx_global_var_init.6
FNDA:1,_ZL14opcode_and_jmpv
FNDA:1,opcode_and_impl
FNDA:3,_Z17test_bitwise_finiv
FNDA:1,_ZL14opcode_xri_jmpv
FNDA:3,_Z17test_bitwise_initv
FNDA:136,__cxx_global_var_init.17
FNDA:136,_ZNK3$_0clEv
FNDA:1,opcode_ora_impl
FNF:14
FNH:14
DA:8,3
DA:10,3
DA:11,3
DA:12,3
DA:13,3
DA:14,3
DA:15,3
DA:16,3
DA:17,3
DA:18,3
DA:19,3
DA:20,3
DA:22,3
DA:24,3
DA:25,3
DA:27,274
DA:31,1
DA:32,1
DA:33,1
DA:34,1
DA:35,1
DA:36,1
DA:38,1
DA:39,1
DA:40,1
DA:41,1
DA:42,1
DA:43,1
DA:45,1
DA:46,1
DA:47,1
DA:48,1
DA:49,1
DA:50,1
DA:52,1
DA:53,1
DA:54,1
DA:55,1
DA:56,1
DA:57,1
DA:59,1
DA:60,1
DA:61,1
DA:62,1
DA:63,1
DA:64,1
DA:66,1
DA:67,1
DA:68,1
DA:69,1
DA:70,1
DA:71,1
DA:73,1
DA:74,1
DA:75,1
DA:76,1
DA:77,1
DA:78,1
DA:79,1
DA:80,1
DA:81,1
DA:83,1
DA:84,1
DA:85,1
DA:86,1
DA:87,1
DA:88,1
DA:90,274
DA:94,1
DA:95,1
DA:96,1
DA:97,1
DA:98,1
DA:99,1
DA:101,1
DA:102,1
DA:103,1
DA:104,1
DA:105,1
DA:106,1
DA:108,1
DA:109,1
DA:110,1
DA:111,1
DA:112,1
DA:113,1
DA:115,1
DA:116,1
DA:117,1
DA:118,1
DA:119,1
DA:120,1
DA:122,1
DA:123,1
DA:124,1
DA:125,1
DA:126,1
DA:127,1
DA:129,1
DA:130,1
DA:131,1
DA:132,1
DA:133,1
DA:134,1
DA:136,1
DA:137,1
DA:138,1
DA:139,1
DA:140,1
DA:141,1
DA:142,1
DA:143,1
DA:144,1
DA:146,1
DA:147,1
DA:148,1
DA:149,1
DA:150,1
DA:151,1
DA:153,274
DA:157,1
DA:158,1
DA:159,1
DA:160,1
DA:161,1
DA:162,1
DA:164,1
DA:165,1
DA:166,1
DA:167,1
DA:168,1
DA:169,1
DA:171,1
DA:172,1
DA:173,1
DA:174,1
DA:175,1
DA:176,1
DA:178,1
DA:179,1
DA:180,1
DA:181,1
DA:182,1
DA:183,1
DA:185,1
DA:186,1
DA:187,1
DA:188,1
DA:189,1
DA:190,1
DA:192,1
DA:193,1
DA:194,1
DA:195,1
DA:196,1
DA:197,1
DA:199,1
DA:200,1
DA:201,1
DA:202,1
DA:203,1
DA:204,1
DA:205,1
DA:206,1
DA:207,1
DA:209,1
DA:210,1
DA:211,1
DA:212,1
DA:213,1
DA:214,1
LF:171
LH:171
end_of_record
TN:
SF:/Users/sens/dev/intel8080/tests/src/test_opcodes_mov.cc
FN:8,_Z13test_mov_initv
FN:22,_Z13test_mov_finiv
FN:27,_ZNK3$_0clEv
FN:27,__cxx_global_var_init.6
FN:27,opcode_mov_b_impl
FN:27,_ZL16opcode_mov_b_jmpv
FN:51,__cxx_global_var_init.19
FN:51,opcode_mov_c_impl
FN:51,_ZL16opcode_mov_c_jmpv
FN:51,_ZNK3$_1clEv
FN:75,_ZNK3$_2clEv
FN:75,opcode_mov_d_impl
FN:75,__cxx_global_var_init.29
FN:75,_ZL16opcode_mov_d_jmpv
FN:99,_ZL16opcode_mov_e_jmpv
FN:99,__cxx_global_var_init.39
FN:99,_ZNK3$_3clEv
FN:99,opcode_mov_e_impl
FN:123,__cxx_global_var_init.49
FN:123,_ZNK3$_4clEv
FN:123,opcode_mov_h_impl
FN:123,_ZL16opcode_mov_h_jmpv
FN:147,__cxx_global_var_init.59
FN:147,opcode_mov_l_impl
FN:147,_ZNK3$_5clEv
FN:147,_ZL16opcode_mov_l_jmpv
FN:171,_ZNK3$_6clEv
FN:171,_ZL16opcode_mov_m_jmpv
FN:171,opcode_mov_m_impl
FN:171,__cxx_global_var_init.69
FN:192,_ZNK3$_7clEv
FN:192,__cxx_global_var_init.78
FN:192,_ZL16opcode_mov_a_jmpv
FN:192,opcode_mov_a_impl
FNDA:136,_ZNK3$_1clEv
FNDA:136,_ZNK3$_7clEv
FNDA:136,_ZNK3$_0clEv
FNDA:136,__cxx_global_var_init.78
FNDA:136,__cxx_global_var_init.59
FNDA:136,__cxx_global_var_init.19
FNDA:136,_ZNK3$_2clEv
FNDA:8,_Z13test_mov_finiv
FNDA:136,__cxx_global_var_init.49
FNDA:8,_Z13test_mov_initv
FNDA:1,opcode_mov_c_impl
FNDA:136,_ZNK3$_6clEv
FNDA:1,opcode_mov_l_impl
FNDA:1,opcode_mov_d_impl
FNDA:1,_ZL16opcode_mov_c_jmpv
FNDA:1,_ZL16opcode_mov_m_jmpv
FNDA:136,_ZNK3$_4clEv
FNDA:1,_ZL16opcode_mov_l_jmpv
FNDA:136,__cxx_global_var_init.69
FNDA:1,opcode_mov_b_impl
FNDA:136,_ZNK3$_3clEv
FNDA:1,_ZL16opcode_mov_d_jmpv
FNDA:1,opcode_mov_e_impl
FNDA:1,_ZL16opcode_mov_h_jmpv
FNDA:1,_ZL16opcode_mov_b_jmpv
FNDA:1,_ZL16opcode_mov_e_jmpv
FNDA:136,__cxx_global_var_init.39
FNDA:1,_ZL16opcode_mov_a_jmpv
FNDA:136,__cxx_global_var_init.6
FNDA:1,opcode_mov_h_impl
FNDA:136,_ZNK3$_5clEv
FNDA:1,opcode_mov_a_impl
FNDA:136,__cxx_global_var_init.29
FNDA:1,opcode_mov_m_impl
FNF:34
FNH:34
DA:8,8
DA:10,8
DA:11,8
DA:12,8
DA:13,8
DA:14,8
DA:15,8
DA:16,8
DA:17,8
DA:18,8
DA:19,8
DA:20,8
DA:22,8
DA:24,8
DA:25,8
DA:27,274
DA:29,1
DA:30,1
DA:31,1
DA:32,1
DA:33,1
DA:34,1
DA:35,1
DA:36,1
DA:37,1
DA:38,1
DA:39,1
DA:40,1
DA:42,1
DA:43,1
DA:44,1
DA:45,1
DA:46,1
DA:47,1
DA:48,1
DA:49,1
DA:51,274
DA:53,1
DA:54,1
DA:55,1
DA:56,1
DA:57,1
DA:58,1
DA:59,1
DA:60,1
DA:61,1
DA:62,1
DA:63,1
DA:64,1
DA:66,1
DA:67,1
DA:68,1
DA:69,1
DA:70,1
DA:71,1
DA:72,1
DA:73,1
DA:75,274
DA:77,1
DA:78,1
DA:79,1
DA:80,1
DA:81,1
DA:82,1
DA:83,1
DA:84,1
DA:85,1
DA:86,1
DA:87,1
DA:88,1
DA:90,1
DA:91,1
DA:92,1
DA:93,1
DA:94,1
DA:95,1
DA:96,1
DA:97,1
DA:99,274
DA:101,1
DA:102,1
DA:103,1
DA:104,1
DA:105,1
DA:106,1
DA:107,1
DA:108,1
DA:109,1
DA:110,1
DA:111,1
DA:112,1
DA:114,1
DA:115,1
DA:116,1
DA:117,1
DA:118,1
DA:119,1
DA:120,1
DA:121,1
DA:123,274
DA:125,1
DA:126,1
DA:127,1
DA:128,1
DA:129,1
DA:130,1
DA:131,1
DA:132,1
DA:133,1
DA:134,1
DA:135,1
DA:136,1
DA:138,1
DA:139,1
DA:140,1
DA:141,1
DA:142,1
DA:143,1
DA:144,1
DA:145,1
DA:147,274
DA:149,1
DA:150,1
DA:151,1
DA:152,1
DA:153,1
DA:154,1
DA:155,1
DA:156,1
DA:157,1
DA:158,1
DA:159,1
DA:160,1
DA:162,1
DA:163,1
DA:164,1
DA:165,1
DA:166,1
DA:167,1
DA:168,1
DA:169,1
DA:171,274
DA:173,1
DA:174,1
DA:176,1
DA:177,1
DA:178,1
DA:179,1
DA:180,1
DA:181,1
DA:182,1
DA:183,1
DA:184,1
DA:185,1
DA:186,1
DA:187,1
DA:188,1
DA:189,1
DA:190,1
DA:192,274
DA:194,1
DA:195,1
DA:196,1
DA:197,1
DA:198,1
DA:199,1
DA:200,1
DA:201,1
DA:202,1
DA:203,1
DA:204,1
DA:205,1
DA:206,1
DA:207,1
DA:209,1
DA:210,1
DA:211,1
DA:212,1
DA:213,1
DA:214,1
LF:180
LH:180
end_of_record
TN:
SF:/Users/sens/dev/intel8080/tests/src/test_opcodes_sub.cc
FN:8,_Z13test_sub_initv
FN:22,_Z13test_sub_finiv
FN:27,__cxx_global_var_init.6
FN:27,_ZL14opcode_sub_jmpv
FN:27,opcode_sub_impl
FN:27,_ZNK3$_0clEv
FN:90,opcode_sbb_impl
FN:90,__cxx_global_var_init.18
FN:90,_ZNK3$_1clEv
FN:90,_ZL14opcode_sbb_jmpv
FN:169,_ZL14opcode_cmp_jmpv
FN:169,__cxx_global_var_init.20
FN:169,_ZNK3$_2clEv
FN:169,opcode_cmp_impl
FNDA:136,__cxx_global_var_init.6
FNDA:1,_ZL14opcode_cmp_jmpv
FNDA:3,_Z13test_sub_initv
FNDA:3,_Z13test_sub_finiv
FNDA:1,opcode_sbb_impl
FNDA:1,_ZL14opcode_sub_jmpv
FNDA:136,__cxx_global_var_init.20
FNDA:136,__cxx_global_var_init.18
FNDA:136,_ZNK3$_2clEv
FNDA:136,_ZNK3$_1clEv
FNDA:1,opcode_sub_impl
FNDA:1,opcode_cmp_impl
FNDA:136,_ZNK3$_0clEv
FNDA:1,_ZL14opcode_sbb_jmpv
FNF:14
FNH:14
DA:8,3
DA:10,3
DA:11,3
DA:12,3
DA:13,3
DA:14,3
DA:15,3
DA:16,3
DA:17,3
DA:18,3
DA:19,3
DA:20,3
DA:22,3
DA:24,3
DA:25,3
DA:27,274
DA:31,1
DA:32,1
DA:33,1
DA:34,1
DA:35,1
DA:36,1
DA:38,1
DA:39,1
DA:40,1
DA:41,1
DA:42,1
DA:43,1
DA:45,1
DA:46,1
DA:47,1
DA:48,1
DA:49,1
DA:50,1
DA:52,1
DA:53,1
DA:54,1
DA:55,1
DA:56,1
DA:57,1
DA:59,1
DA:60,1
DA:61,1
DA:62,1
DA:63,1
DA:64,1
DA:66,1
DA:67,1
DA:68,1
DA:69,1
DA:70,1
DA:71,1
DA:73,1
DA:74,1
DA:75,1
DA:76,1
DA:77,1
DA:78,1
DA:79,1
DA:80,1
DA:81,1
DA:83,1
DA:84,1
DA:85,1
DA:86,1
DA:87,1
DA:88,1
DA:90,274
DA:94,1
DA:95,1
DA:96,1
DA:97,1
DA:98,1
DA:99,1
DA:100,1
DA:101,1
DA:103,1
DA:104,1
DA:105,1
DA:106,1
DA:107,1
DA:108,1
DA:109,1
DA:110,1
DA:112,1
DA:113,1
DA:114,1
DA:115,1
DA:116,1
DA:117,1
DA:118,1
DA:119,1
DA:121,1
DA:122,1
DA:123,1
DA:124,1
DA:125,1
DA:126,1
DA:127,1
DA:128,1
DA:130,1
DA:131,1
DA:132,1
DA:133,1
DA:134,1
DA:135,1
DA:136,1
DA:137,1
DA:139,1
DA:140,1
DA:141,1
DA:142,1
DA:143,1
DA:144,1
DA:145,1
DA:146,1
DA:148,1
DA:149,1
DA:150,1
DA:151,1
DA:152,1
DA:153,1
DA:154,1
DA:155,1
DA:156,1
DA:157,1
DA:158,1
DA:160,1
DA:161,1
DA:162,1
DA:163,1
DA:164,1
DA:165,1
DA:166,1
DA:167,1
DA:169,274
DA:173,1
DA:174,1
DA:175,1
DA:176,1
DA:177,1
DA:179,1
DA:180,1
DA:181,1
DA:182,1
DA:183,1
DA:185,1
DA:186,1
DA:187,1
DA:188,1
DA:189,1
DA:191,1
DA:192,1
DA:193,1
DA:194,1
DA:195,1
DA:197,1
DA:198,1
DA:199,1
DA:200,1
DA:201,1
DA:203,1
DA:204,1
DA:205,1
DA:206,1
DA:207,1
DA:209,1
DA:210,1
DA:211,1
DA:212,1
DA:213,1
DA:214,1
DA:215,1
DA:216,1
DA:218,1
DA:219,1
DA:220,1
DA:221,1
DA:222,1
DA:223,1
LF:180
LH:180
end_of_record
